{
  "stats": {
    "total": 299,
    "http_200": 299,
    "http_404": 0,
    "http_other": 0,
    "mirror_hit": 299,
    "has_horeca": 299,
    "has_house_leak": 0,
    "avg_ms": 97.8
  },
  "results": [
    {
      "url": "https://saigonhoreca.local/",
      "status": 200,
      "size": 355238,
      "content_type": "text/html; charset=UTF-8",
      "x_sgh_mirror": "HIT",
      "elapsed_ms": 167.1,
      "first_bytes": "<!DOCTYPE html>\n<html lang=\"vi\" prefix=\"og: https://ogp.me/ns#\">\n<head>\n<meta charset=\"UTF-8\">\n<meta name=\"viewport\" content=\"width=device-width, initial-scale=1\">\n\t<link rel=\"profile\" href=\"https://g",
      "has_horeca": true,
      "has_house_leak": false,
      "error": null
    },
    {
      "url": "https://saigonhoreca.local/10-meo-tiet-kiem-nang-luong-hang-dau-cho-nha-hang/",
      "status": 200,
      "size": 340773,
      "content_type": "text/html; charset=UTF-8",
      "x_sgh_mirror": "HIT",
      "elapsed_ms": 78.5,
      "first_bytes": "<!DOCTYPE html>\n<html lang=\"vi\" prefix=\"og: https://ogp.me/ns#\">\n<head>\n<meta charset=\"UTF-8\">\n<meta name=\"viewport\" content=\"width=device-width, initial-scale=1\">\n\t<link rel=\"profile\" href=\"https://g",
      "has_horeca": true,
      "has_house_leak": false,
      "error": null
    },
    {
      "url": "https://saigonhoreca.local/5-luu-y-khi-thiet-ke-bep-nha-hang-cao-cap/",
      "status": 200,
      "size": 344443,
      "content_type": "text/html; charset=UTF-8",
      "x_sgh_mirror": "HIT",
      "elapsed_ms": 98.8,
      "first_bytes": "<!DOCTYPE html>\n<html lang=\"vi\" prefix=\"og: https://ogp.me/ns#\">\n<head>\n<meta charset=\"UTF-8\">\n<meta name=\"viewport\" content=\"width=device-width, initial-scale=1\">\n\t<link rel=\"profile\" href=\"https://g",
      "has_horeca": true,
      "has_house_leak": false,
      "error": null
    },
    {
      "url": "https://saigonhoreca.local/7-tieu-chuan-thiet-ke-he-thong-hut-khoi/",
      "status": 200,
      "size": 354757,
      "content_type": "text/html; charset=UTF-8",
      "x_sgh_mirror": "HIT",
      "elapsed_ms": 131.8,
      "first_bytes": "<!DOCTYPE html>\n<html lang=\"vi\" prefix=\"og: https://ogp.me/ns#\">\n<head>\n<meta charset=\"UTF-8\">\n<meta name=\"viewport\" content=\"width=device-width, initial-scale=1\">\n\t<link rel=\"profile\" href=\"https://g",
      "has_horeca": true,
      "has_house_leak": false,
      "error": null
    },
    {
      "url": "https://saigonhoreca.local/7-tieu-chuan-va-trien-khai-he-thong-haccp/",
      "status": 200,
      "size": 366131,
      "content_type": "text/html; charset=UTF-8",
      "x_sgh_mirror": "HIT",
      "elapsed_ms": 112.0,
      "first_bytes": "<!DOCTYPE html>\n<html lang=\"vi\" prefix=\"og: https://ogp.me/ns#\">\n<head>\n<meta charset=\"UTF-8\">\n<meta name=\"viewport\" content=\"width=device-width, initial-scale=1\">\n\t<link rel=\"profile\" href=\"https://g",
      "has_horeca": true,
      "has_house_leak": false,
      "error": null
    },
    {
      "url": "https://saigonhoreca.local/bep-a-3-hong-su-lua-chon-toi-uu-cho-bep-hien-dai/",
      "status": 200,
      "size": 354484,
      "content_type": "text/html; charset=UTF-8",
      "x_sgh_mirror": "HIT",
      "elapsed_ms": 96.9,
      "first_bytes": "<!DOCTYPE html>\n<html lang=\"vi\" prefix=\"og: https://ogp.me/ns#\">\n<head>\n<meta charset=\"UTF-8\">\n<meta name=\"viewport\" content=\"width=device-width, initial-scale=1\">\n\t<link rel=\"profile\" href=\"https://g",
      "has_horeca": true,
      "has_house_leak": false,
      "error": null
    },
    {
      "url": "https://saigonhoreca.local/bep-an-truong-mam-non-tu-thuc-trinh-vuong/",
      "status": 200,
      "size": 329344,
      "content_type": "text/html; charset=UTF-8",
      "x_sgh_mirror": "HIT",
      "elapsed_ms": 119.8,
      "first_bytes": "<!DOCTYPE html>\n<html lang=\"vi\" prefix=\"og: https://ogp.me/ns#\">\n<head>\n<meta charset=\"UTF-8\">\n<meta name=\"viewport\" content=\"width=device-width, initial-scale=1\">\n\t<link rel=\"profile\" href=\"https://g",
      "has_horeca": true,
      "has_house_leak": false,
      "error": null
    },
    {
      "url": "https://saigonhoreca.local/bep-canteen-nha-may-sheh-fung/",
      "status": 200,
      "size": 322640,
      "content_type": "text/html; charset=UTF-8",
      "x_sgh_mirror": "HIT",
      "elapsed_ms": 106.7,
      "first_bytes": "<!DOCTYPE html>\n<html lang=\"vi\" prefix=\"og: https://ogp.me/ns#\">\n<head>\n<meta charset=\"UTF-8\">\n<meta name=\"viewport\" content=\"width=device-width, initial-scale=1\">\n\t<link rel=\"profile\" href=\"https://g",
      "has_horeca": true,
      "has_house_leak": false,
      "error": null
    },
    {
      "url": "https://saigonhoreca.local/bep-cong-nghiep-inox-thep-khong-gi/",
      "status": 200,
      "size": 360887,
      "content_type": "text/html; charset=UTF-8",
      "x_sgh_mirror": "HIT",
      "elapsed_ms": 85.2,
      "first_bytes": "<!DOCTYPE html>\n<html lang=\"vi\" prefix=\"og: https://ogp.me/ns#\">\n<head>\n<meta charset=\"UTF-8\">\n<meta name=\"viewport\" content=\"width=device-width, initial-scale=1\">\n\t<link rel=\"profile\" href=\"https://g",
      "has_horeca": true,
      "has_house_leak": false,
      "error": null
    },
    {
      "url": "https://saigonhoreca.local/bi-quyet-bao-quan-va-ve-sinh-tu-lanh-cong-nghiep/",
      "status": 200,
      "size": 330023,
      "content_type": "text/html; charset=UTF-8",
      "x_sgh_mirror": "HIT",
      "elapsed_ms": 94.9,
      "first_bytes": "<!DOCTYPE html>\n<html lang=\"vi\" prefix=\"og: https://ogp.me/ns#\">\n<head>\n<meta charset=\"UTF-8\">\n<meta name=\"viewport\" content=\"width=device-width, initial-scale=1\">\n\t<link rel=\"profile\" href=\"https://g",
      "has_horeca": true,
      "has_house_leak": false,
      "error": null
    },
    {
      "url": "https://saigonhoreca.local/bi-quyet-bao-tri-bep-nha-hang-giup-tang-tuoi-tho/",
      "status": 200,
      "size": 337002,
      "content_type": "text/html; charset=UTF-8",
      "x_sgh_mirror": "HIT",
      "elapsed_ms": 91.1,
      "first_bytes": "<!DOCTYPE html>\n<html lang=\"vi\" prefix=\"og: https://ogp.me/ns#\">\n<head>\n<meta charset=\"UTF-8\">\n<meta name=\"viewport\" content=\"width=device-width, initial-scale=1\">\n\t<link rel=\"profile\" href=\"https://g",
      "has_horeca": true,
      "has_house_leak": false,
      "error": null
    },
    {
      "url": "https://saigonhoreca.local/bi-quyet-hieu-qua-quan-ly-bep-an-cong-nghiep/",
      "status": 200,
      "size": 385252,
      "content_type": "text/html; charset=UTF-8",
      "x_sgh_mirror": "HIT",
      "elapsed_ms": 84.8,
      "first_bytes": "<!DOCTYPE html>\n<html lang=\"vi\" prefix=\"og: https://ogp.me/ns#\">\n<head>\n<meta charset=\"UTF-8\">\n<meta name=\"viewport\" content=\"width=device-width, initial-scale=1\">\n\t<link rel=\"profile\" href=\"https://g",
      "has_horeca": true,
      "has_house_leak": false,
      "error": null
    },
    {
      "url": "https://saigonhoreca.local/bi-quyet-to-chuc-quy-trinh-bep-1-chieu-hieu-qua/",
      "status": 200,
      "size": 387657,
      "content_type": "text/html; charset=UTF-8",
      "x_sgh_mirror": "HIT",
      "elapsed_ms": 115.1,
      "first_bytes": "<!DOCTYPE html>\n<html lang=\"vi\" prefix=\"og: https://ogp.me/ns#\">\n<head>\n<meta charset=\"UTF-8\">\n<meta name=\"viewport\" content=\"width=device-width, initial-scale=1\">\n\t<link rel=\"profile\" href=\"https://g",
      "has_horeca": true,
      "has_house_leak": false,
      "error": null
    },
    {
      "url": "https://saigonhoreca.local/bling-bling-club/",
      "status": 200,
      "size": 328407,
      "content_type": "text/html; charset=UTF-8",
      "x_sgh_mirror": "HIT",
      "elapsed_ms": 123.7,
      "first_bytes": "<!DOCTYPE html>\n<html lang=\"vi\" prefix=\"og: https://ogp.me/ns#\">\n<head>\n<meta charset=\"UTF-8\">\n<meta name=\"viewport\" content=\"width=device-width, initial-scale=1\">\n\t<link rel=\"profile\" href=\"https://g",
      "has_horeca": true,
      "has_house_leak": false,
      "error": null
    },
    {
      "url": "https://saigonhoreca.local/cac-nha-hang-cao-cap-nen-dau-tu-lo-nuong-josper/",
      "status": 200,
      "size": 339972,
      "content_type": "text/html; charset=UTF-8",
      "x_sgh_mirror": "HIT",
      "elapsed_ms": 118.1,
      "first_bytes": "<!DOCTYPE html>\n<html lang=\"vi\" prefix=\"og: https://ogp.me/ns#\">\n<head>\n<meta charset=\"UTF-8\">\n<meta name=\"viewport\" content=\"width=device-width, initial-scale=1\">\n\t<link rel=\"profile\" href=\"https://g",
      "has_horeca": true,
      "has_house_leak": false,
      "error": null
    },
    {
      "url": "https://saigonhoreca.local/cach-bao-tri-ve-sinh-lo-josper-de-keo-dai-tuoi-tho/",
      "status": 200,
      "size": 331464,
      "content_type": "text/html; charset=UTF-8",
      "x_sgh_mirror": "HIT",
      "elapsed_ms": 83.6,
      "first_bytes": "<!DOCTYPE html>\n<html lang=\"vi\" prefix=\"og: https://ogp.me/ns#\">\n<head>\n<meta charset=\"UTF-8\">\n<meta name=\"viewport\" content=\"width=device-width, initial-scale=1\">\n\t<link rel=\"profile\" href=\"https://g",
      "has_horeca": true,
      "has_house_leak": false,
      "error": null
    },
    {
      "url": "https://saigonhoreca.local/cach-ve-sinh-ong-hut-khoi-bep-cong-nghiep/",
      "status": 200,
      "size": 340100,
      "content_type": "text/html; charset=UTF-8",
      "x_sgh_mirror": "HIT",
      "elapsed_ms": 71.7,
      "first_bytes": "<!DOCTYPE html>\n<html lang=\"vi\" prefix=\"og: https://ogp.me/ns#\">\n<head>\n<meta charset=\"UTF-8\">\n<meta name=\"viewport\" content=\"width=device-width, initial-scale=1\">\n\t<link rel=\"profile\" href=\"https://g",
      "has_horeca": true,
      "has_house_leak": false,
      "error": null
    },
    {
      "url": "https://saigonhoreca.local/casa-maria/",
      "status": 200,
      "size": 329033,
      "content_type": "text/html; charset=UTF-8",
      "x_sgh_mirror": "HIT",
      "elapsed_ms": 93.6,
      "first_bytes": "<!DOCTYPE html>\n<html lang=\"vi\" prefix=\"og: https://ogp.me/ns#\">\n<head>\n<meta charset=\"UTF-8\">\n<meta name=\"viewport\" content=\"width=device-width, initial-scale=1\">\n\t<link rel=\"profile\" href=\"https://g",
      "has_horeca": true,
      "has_house_leak": false,
      "error": null
    },
    {
      "url": "https://saigonhoreca.local/cong-suat-tu-lanh-bao-nhieu-cach-lua-chon-phu-hop/",
      "status": 200,
      "size": 365170,
      "content_type": "text/html; charset=UTF-8",
      "x_sgh_mirror": "HIT",
      "elapsed_ms": 80.6,
      "first_bytes": "<!DOCTYPE html>\n<html lang=\"vi\" prefix=\"og: https://ogp.me/ns#\">\n<head>\n<meta charset=\"UTF-8\">\n<meta name=\"viewport\" content=\"width=device-width, initial-scale=1\">\n\t<link rel=\"profile\" href=\"https://g",
      "has_horeca": true,
      "has_house_leak": false,
      "error": null
    },
    {
      "url": "https://saigonhoreca.local/cung-cap-thiet-bi-tu-van-thiet-ke-cho-quay-bar/",
      "status": 200,
      "size": 442360,
      "content_type": "text/html; charset=UTF-8",
      "x_sgh_mirror": "HIT",
      "elapsed_ms": 75.6,
      "first_bytes": "<!DOCTYPE html>\n<html lang=\"vi\" prefix=\"og: https://ogp.me/ns#\">\n<head>\n<meta charset=\"UTF-8\">\n<meta name=\"viewport\" content=\"width=device-width, initial-scale=1\">\n\t<link rel=\"profile\" href=\"https://g",
      "has_horeca": true,
      "has_house_leak": false,
      "error": null
    },
    {
      "url": "https://saigonhoreca.local/danh-muc-san-pham/ban-giu-am-chen-dia/",
      "status": 200,
      "size": 497786,
      "content_type": "text/html; charset=UTF-8",
      "x_sgh_mirror": "HIT",
      "elapsed_ms": 81.5,
      "first_bytes": "<!DOCTYPE html>\n<html lang=\"vi\" prefix=\"og: https://ogp.me/ns#\">\n<head>\n<meta charset=\"UTF-8\">\n<meta name=\"viewport\" content=\"width=device-width, initial-scale=1\">\n\t<link rel=\"profile\" href=\"https://g",
      "has_horeca": true,
      "has_house_leak": false,
      "error": null
    },
    {
      "url": "https://saigonhoreca.local/danh-muc-san-pham/he-thong-hut-khoi-cap-khi-tuoi-bep-nha-hang/",
      "status": 200,
      "size": 404216,
      "content_type": "text/html; charset=UTF-8",
      "x_sgh_mirror": "HIT",
      "elapsed_ms": 60.6,
      "first_bytes": "<!DOCTYPE html>\n<html lang=\"vi\" prefix=\"og: https://ogp.me/ns#\">\n<head>\n<meta charset=\"UTF-8\">\n<meta name=\"viewport\" content=\"width=device-width, initial-scale=1\">\n\t<link rel=\"profile\" href=\"https://g",
      "has_horeca": true,
      "has_house_leak": false,
      "error": null
    },
    {
      "url": "https://saigonhoreca.local/danh-muc-san-pham/he-thong-hut-khoi/",
      "status": 200,
      "size": 407139,
      "content_type": "text/html; charset=UTF-8",
      "x_sgh_mirror": "HIT",
      "elapsed_ms": 77.6,
      "first_bytes": "<!DOCTYPE html>\n<html lang=\"vi\" prefix=\"og: https://ogp.me/ns#\">\n<head>\n<meta charset=\"UTF-8\">\n<meta name=\"viewport\" content=\"width=device-width, initial-scale=1\">\n\t<link rel=\"profile\" href=\"https://g",
      "has_horeca": true,
      "has_house_leak": false,
      "error": null
    },
    {
      "url": "https://saigonhoreca.local/danh-muc-san-pham/may-lam-da-cong-nghiep/",
      "status": 200,
      "size": 507288,
      "content_type": "text/html; charset=UTF-8",
      "x_sgh_mirror": "HIT",
      "elapsed_ms": 115.9,
      "first_bytes": "<!DOCTYPE html>\n<html lang=\"vi\" prefix=\"og: https://ogp.me/ns#\">\n<head>\n<meta charset=\"UTF-8\">\n<meta name=\"viewport\" content=\"width=device-width, initial-scale=1\">\n\t<link rel=\"profile\" href=\"https://g",
      "has_horeca": true,
      "has_house_leak": false,
      "error": null
    },
    {
      "url": "https://saigonhoreca.local/danh-muc-san-pham/may-lam-da-vien/",
      "status": 200,
      "size": 484335,
      "content_type": "text/html; charset=UTF-8",
      "x_sgh_mirror": "HIT",
      "elapsed_ms": 74.1,
      "first_bytes": "<!DOCTYPE html>\n<html lang=\"vi\" prefix=\"og: https://ogp.me/ns#\">\n<head>\n<meta charset=\"UTF-8\">\n<meta name=\"viewport\" content=\"width=device-width, initial-scale=1\">\n\t<link rel=\"profile\" href=\"https://g",
      "has_horeca": true,
      "has_house_leak": false,
      "error": null
    },
    {
      "url": "https://saigonhoreca.local/danh-muc-san-pham/may-rua-ly-chen/",
      "status": 200,
      "size": 442861,
      "content_type": "text/html; charset=UTF-8",
      "x_sgh_mirror": "HIT",
      "elapsed_ms": 78.0,
      "first_bytes": "<!DOCTYPE html>\n<html lang=\"vi\" prefix=\"og: https://ogp.me/ns#\">\n<head>\n<meta charset=\"UTF-8\">\n<meta name=\"viewport\" content=\"width=device-width, initial-scale=1\">\n\t<link rel=\"profile\" href=\"https://g",
      "has_horeca": true,
      "has_house_leak": false,
      "error": null
    },
    {
      "url": "https://saigonhoreca.local/danh-muc-san-pham/thiet-bi-bep-cong-nghiep-sgh/",
      "status": 200,
      "size": 532549,
      "content_type": "text/html; charset=UTF-8",
      "x_sgh_mirror": "HIT",
      "elapsed_ms": 98.1,
      "first_bytes": "<!DOCTYPE html>\n<html lang=\"vi\" prefix=\"og: https://ogp.me/ns#\">\n<head>\n<meta charset=\"UTF-8\">\n<meta name=\"viewport\" content=\"width=device-width, initial-scale=1\">\n\t<link rel=\"profile\" href=\"https://g",
      "has_horeca": true,
      "has_house_leak": false,
      "error": null
    },
    {
      "url": "https://saigonhoreca.local/danh-muc-san-pham/thiet-bi-bep-cong-nghiep/",
      "status": 200,
      "size": 494849,
      "content_type": "text/html; charset=UTF-8",
      "x_sgh_mirror": "HIT",
      "elapsed_ms": 75.8,
      "first_bytes": "<!DOCTYPE html>\n<html lang=\"vi\" prefix=\"og: https://ogp.me/ns#\">\n<head>\n<meta charset=\"UTF-8\">\n<meta name=\"viewport\" content=\"width=device-width, initial-scale=1\">\n\t<link rel=\"profile\" href=\"https://g",
      "has_horeca": true,
      "has_house_leak": false,
      "error": null
    },
    {
      "url": "https://saigonhoreca.local/danh-muc-san-pham/thiet-bi-bep-cong-nghiep/bep-chien-cong-nghiep/",
      "status": 200,
      "size": 373918,
      "content_type": "text/html; charset=UTF-8",
      "x_sgh_mirror": "HIT",
      "elapsed_ms": 73.3,
      "first_bytes": "<!DOCTYPE html>\n<html lang=\"vi\" prefix=\"og: https://ogp.me/ns#\">\n<head>\n<meta charset=\"UTF-8\">\n<meta name=\"viewport\" content=\"width=device-width, initial-scale=1\">\n\t<link rel=\"profile\" href=\"https://g",
      "has_horeca": true,
      "has_house_leak": false,
      "error": null
    },
    {
      "url": "https://saigonhoreca.local/danh-muc-san-pham/thiet-bi-bep-cong-nghiep/bep-gas-cong-nghiep/",
      "status": 200,
      "size": 512174,
      "content_type": "text/html; charset=UTF-8",
      "x_sgh_mirror": "HIT",
      "elapsed_ms": 95.6,
      "first_bytes": "<!DOCTYPE html>\n<html lang=\"vi\" prefix=\"og: https://ogp.me/ns#\">\n<head>\n<meta charset=\"UTF-8\">\n<meta name=\"viewport\" content=\"width=device-width, initial-scale=1\">\n\t<link rel=\"profile\" href=\"https://g",
      "has_horeca": true,
      "has_house_leak": false,
      "error": null
    },
    {
      "url": "https://saigonhoreca.local/danh-muc-san-pham/thiet-bi-bep-cong-nghiep/bep-nuong-than-nhan-tao/",
      "status": 200,
      "size": 360531,
      "content_type": "text/html; charset=UTF-8",
      "x_sgh_mirror": "HIT",
      "elapsed_ms": 90.7,
      "first_bytes": "<!DOCTYPE html>\n<html lang=\"vi\" prefix=\"og: https://ogp.me/ns#\">\n<head>\n<meta charset=\"UTF-8\">\n<meta name=\"viewport\" content=\"width=device-width, initial-scale=1\">\n\t<link rel=\"profile\" href=\"https://g",
      "has_horeca": true,
      "has_house_leak": false,
      "error": null
    },
    {
      "url": "https://saigonhoreca.local/danh-muc-san-pham/thiet-bi-bep-nha-hang-au/",
      "status": 200,
      "size": 496165,
      "content_type": "text/html; charset=UTF-8",
      "x_sgh_mirror": "HIT",
      "elapsed_ms": 87.6,
      "first_bytes": "<!DOCTYPE html>\n<html lang=\"vi\" prefix=\"og: https://ogp.me/ns#\">\n<head>\n<meta charset=\"UTF-8\">\n<meta name=\"viewport\" content=\"width=device-width, initial-scale=1\">\n\t<link rel=\"profile\" href=\"https://g",
      "has_horeca": true,
      "has_house_leak": false,
      "error": null
    },
    {
      "url": "https://saigonhoreca.local/danh-muc-san-pham/thiet-bi-bep-nha-hang-au/bep-au-cong-nghiep/",
      "status": 200,
      "size": 467988,
      "content_type": "text/html; charset=UTF-8",
      "x_sgh_mirror": "HIT",
      "elapsed_ms": 92.9,
      "first_bytes": "<!DOCTYPE html>\n<html lang=\"vi\" prefix=\"og: https://ogp.me/ns#\">\n<head>\n<meta charset=\"UTF-8\">\n<meta name=\"viewport\" content=\"width=device-width, initial-scale=1\">\n\t<link rel=\"profile\" href=\"https://g",
      "has_horeca": true,
      "has_house_leak": false,
      "error": null
    },
    {
      "url": "https://saigonhoreca.local/danh-muc-san-pham/thiet-bi-bep-nha-hang-au/bep-chien-nhung-cong-nghiep/",
      "status": 200,
      "size": 476067,
      "content_type": "text/html; charset=UTF-8",
      "x_sgh_mirror": "HIT",
      "elapsed_ms": 107.3,
      "first_bytes": "<!DOCTYPE html>\n<html lang=\"vi\" prefix=\"og: https://ogp.me/ns#\">\n<head>\n<meta charset=\"UTF-8\">\n<meta name=\"viewport\" content=\"width=device-width, initial-scale=1\">\n\t<link rel=\"profile\" href=\"https://g",
      "has_horeca": true,
      "has_house_leak": false,
      "error": null
    },
    {
      "url": "https://saigonhoreca.local/danh-muc-san-pham/thiet-bi-bep-nha-hang-au/bep-chien-phang-cong-nghiep/",
      "status": 200,
      "size": 448125,
      "content_type": "text/html; charset=UTF-8",
      "x_sgh_mirror": "HIT",
      "elapsed_ms": 86.8,
      "first_bytes": "<!DOCTYPE html>\n<html lang=\"vi\" prefix=\"og: https://ogp.me/ns#\">\n<head>\n<meta charset=\"UTF-8\">\n<meta name=\"viewport\" content=\"width=device-width, initial-scale=1\">\n\t<link rel=\"profile\" href=\"https://g",
      "has_horeca": true,
      "has_house_leak": false,
      "error": null
    },
    {
      "url": "https://saigonhoreca.local/danh-muc-san-pham/thiet-bi-bep-nha-hang-au/bep-dien-tu-cong-nghiep-thiet-bi-bep-nha-hang-au/",
      "status": 200,
      "size": 401940,
      "content_type": "text/html; charset=UTF-8",
      "x_sgh_mirror": "HIT",
      "elapsed_ms": 95.2,
      "first_bytes": "<!DOCTYPE html>\n<html lang=\"vi\" prefix=\"og: https://ogp.me/ns#\">\n<head>\n<meta charset=\"UTF-8\">\n<meta name=\"viewport\" content=\"width=device-width, initial-scale=1\">\n\t<link rel=\"profile\" href=\"https://g",
      "has_horeca": true,
      "has_house_leak": false,
      "error": null
    },
    {
      "url": "https://saigonhoreca.local/danh-muc-san-pham/thiet-bi-bep-nha-hang-au/bep-nuong-than-nhan-tao-thiet-bi-bep-nha-hang-au/",
      "status": 200,
      "size": 377001,
      "content_type": "text/html; charset=UTF-8",
      "x_sgh_mirror": "HIT",
      "elapsed_ms": 104.2,
      "first_bytes": "<!DOCTYPE html>\n<html lang=\"vi\" prefix=\"og: https://ogp.me/ns#\">\n<head>\n<meta charset=\"UTF-8\">\n<meta name=\"viewport\" content=\"width=device-width, initial-scale=1\">\n\t<link rel=\"profile\" href=\"https://g",
      "has_horeca": true,
      "has_house_leak": false,
      "error": null
    },
    {
      "url": "https://saigonhoreca.local/danh-muc-san-pham/thiet-bi-che-bien-thuc-pham/",
      "status": 200,
      "size": 487336,
      "content_type": "text/html; charset=UTF-8",
      "x_sgh_mirror": "HIT",
      "elapsed_ms": 96.0,
      "first_bytes": "<!DOCTYPE html>\n<html lang=\"vi\" prefix=\"og: https://ogp.me/ns#\">\n<head>\n<meta charset=\"UTF-8\">\n<meta name=\"viewport\" content=\"width=device-width, initial-scale=1\">\n\t<link rel=\"profile\" href=\"https://g",
      "has_horeca": true,
      "has_house_leak": false,
      "error": null
    },
    {
      "url": "https://saigonhoreca.local/danh-muc-san-pham/thiet-bi-che-bien-thuc-pham/lo-hap-nuong-da-nang/",
      "status": 200,
      "size": 386210,
      "content_type": "text/html; charset=UTF-8",
      "x_sgh_mirror": "HIT",
      "elapsed_ms": 73.0,
      "first_bytes": "<!DOCTYPE html>\n<html lang=\"vi\" prefix=\"og: https://ogp.me/ns#\">\n<head>\n<meta charset=\"UTF-8\">\n<meta name=\"viewport\" content=\"width=device-width, initial-scale=1\">\n\t<link rel=\"profile\" href=\"https://g",
      "has_horeca": true,
      "has_house_leak": false,
      "error": null
    },
    {
      "url": "https://saigonhoreca.local/danh-muc-san-pham/thiet-bi-che-bien-thuc-pham/lo-nuong-cong-nghiep/",
      "status": 200,
      "size": 456738,
      "content_type": "text/html; charset=UTF-8",
      "x_sgh_mirror": "HIT",
      "elapsed_ms": 103.8,
      "first_bytes": "<!DOCTYPE html>\n<html lang=\"vi\" prefix=\"og: https://ogp.me/ns#\">\n<head>\n<meta charset=\"UTF-8\">\n<meta name=\"viewport\" content=\"width=device-width, initial-scale=1\">\n\t<link rel=\"profile\" href=\"https://g",
      "has_horeca": true,
      "has_house_leak": false,
      "error": null
    },
    {
      "url": "https://saigonhoreca.local/danh-muc-san-pham/thiet-bi-che-bien-thuc-pham/lo-vi-song-cong-nghiep/",
      "status": 200,
      "size": 374766,
      "content_type": "text/html; charset=UTF-8",
      "x_sgh_mirror": "HIT",
      "elapsed_ms": 87.8,
      "first_bytes": "<!DOCTYPE html>\n<html lang=\"vi\" prefix=\"og: https://ogp.me/ns#\">\n<head>\n<meta charset=\"UTF-8\">\n<meta name=\"viewport\" content=\"width=device-width, initial-scale=1\">\n\t<link rel=\"profile\" href=\"https://g",
      "has_horeca": true,
      "has_house_leak": false,
      "error": null
    },
    {
      "url": "https://saigonhoreca.local/danh-muc-san-pham/thiet-bi-che-bien-thuc-pham/may-hut-chan-khong/",
      "status": 200,
      "size": 519804,
      "content_type": "text/html; charset=UTF-8",
      "x_sgh_mirror": "HIT",
      "elapsed_ms": 108.1,
      "first_bytes": "<!DOCTYPE html>\n<html lang=\"vi\" prefix=\"og: https://ogp.me/ns#\">\n<head>\n<meta charset=\"UTF-8\">\n<meta name=\"viewport\" content=\"width=device-width, initial-scale=1\">\n\t<link rel=\"profile\" href=\"https://g",
      "has_horeca": true,
      "has_house_leak": false,
      "error": null
    },
    {
      "url": "https://saigonhoreca.local/danh-muc-san-pham/thiet-bi-che-bien-thuc-pham/may-nau-cham-sous-vide/",
      "status": 200,
      "size": 407697,
      "content_type": "text/html; charset=UTF-8",
      "x_sgh_mirror": "HIT",
      "elapsed_ms": 120.1,
      "first_bytes": "<!DOCTYPE html>\n<html lang=\"vi\" prefix=\"og: https://ogp.me/ns#\">\n<head>\n<meta charset=\"UTF-8\">\n<meta name=\"viewport\" content=\"width=device-width, initial-scale=1\">\n\t<link rel=\"profile\" href=\"https://g",
      "has_horeca": true,
      "has_house_leak": false,
      "error": null
    },
    {
      "url": "https://saigonhoreca.local/danh-muc-san-pham/thiet-bi-che-bien-thuc-pham/tu-com-cong-nghiep/",
      "status": 200,
      "size": 466388,
      "content_type": "text/html; charset=UTF-8",
      "x_sgh_mirror": "HIT",
      "elapsed_ms": 102.0,
      "first_bytes": "<!DOCTYPE html>\n<html lang=\"vi\" prefix=\"og: https://ogp.me/ns#\">\n<head>\n<meta charset=\"UTF-8\">\n<meta name=\"viewport\" content=\"width=device-width, initial-scale=1\">\n\t<link rel=\"profile\" href=\"https://g",
      "has_horeca": true,
      "has_house_leak": false,
      "error": null
    },
    {
      "url": "https://saigonhoreca.local/danh-muc-san-pham/thiet-bi-inox-khac/",
      "status": 200,
      "size": 375863,
      "content_type": "text/html; charset=UTF-8",
      "x_sgh_mirror": "HIT",
      "elapsed_ms": 77.7,
      "first_bytes": "<!DOCTYPE html>\n<html lang=\"vi\" prefix=\"og: https://ogp.me/ns#\">\n<head>\n<meta charset=\"UTF-8\">\n<meta name=\"viewport\" content=\"width=device-width, initial-scale=1\">\n\t<link rel=\"profile\" href=\"https://g",
      "has_horeca": true,
      "has_house_leak": false,
      "error": null
    },
    {
      "url": "https://saigonhoreca.local/danh-muc-san-pham/thiet-bi-inox-khac/thung-dung-da-inox/",
      "status": 200,
      "size": 396442,
      "content_type": "text/html; charset=UTF-8",
      "x_sgh_mirror": "HIT",
      "elapsed_ms": 107.6,
      "first_bytes": "<!DOCTYPE html>\n<html lang=\"vi\" prefix=\"og: https://ogp.me/ns#\">\n<head>\n<meta charset=\"UTF-8\">\n<meta name=\"viewport\" content=\"width=device-width, initial-scale=1\">\n\t<link rel=\"profile\" href=\"https://g",
      "has_horeca": true,
      "has_house_leak": false,
      "error": null
    },
    {
      "url": "https://saigonhoreca.local/danh-muc-san-pham/thiet-bi-lanh-cong-nghiep-khac/",
      "status": 200,
      "size": 488293,
      "content_type": "text/html; charset=UTF-8",
      "x_sgh_mirror": "HIT",
      "elapsed_ms": 81.8,
      "first_bytes": "<!DOCTYPE html>\n<html lang=\"vi\" prefix=\"og: https://ogp.me/ns#\">\n<head>\n<meta charset=\"UTF-8\">\n<meta name=\"viewport\" content=\"width=device-width, initial-scale=1\">\n\t<link rel=\"profile\" href=\"https://g",
      "has_horeca": true,
      "has_house_leak": false,
      "error": null
    },
    {
      "url": "https://saigonhoreca.local/danh-muc-san-pham/thiet-bi-lanh-cong-nghiep-khac/may-lam-da-cong-nghiep/",
      "status": 200,
      "size": 507474,
      "content_type": "text/html; charset=UTF-8",
      "x_sgh_mirror": "HIT",
      "elapsed_ms": 78.8,
      "first_bytes": "<!DOCTYPE html>\n<html lang=\"vi\" prefix=\"og: https://ogp.me/ns#\">\n<head>\n<meta charset=\"UTF-8\">\n<meta name=\"viewport\" content=\"width=device-width, initial-scale=1\">\n\t<link rel=\"profile\" href=\"https://g",
      "has_horeca": true,
      "has_house_leak": false,
      "error": null
    },
    {
      "url": "https://saigonhoreca.local/danh-muc-san-pham/thiet-bi-lanh-cong-nghiep-khac/may-lam-da-vien/",
      "status": 200,
      "size": 484521,
      "content_type": "text/html; charset=UTF-8",
      "x_sgh_mirror": "HIT",
      "elapsed_ms": 75.8,
      "first_bytes": "<!DOCTYPE html>\n<html lang=\"vi\" prefix=\"og: https://ogp.me/ns#\">\n<head>\n<meta charset=\"UTF-8\">\n<meta name=\"viewport\" content=\"width=device-width, initial-scale=1\">\n\t<link rel=\"profile\" href=\"https://g",
      "has_horeca": true,
      "has_house_leak": false,
      "error": null
    },
    {
      "url": "https://saigonhoreca.local/danh-muc-san-pham/thiet-bi-lanh-cong-nghiep/",
      "status": 200,
      "size": 505022,
      "content_type": "text/html; charset=UTF-8",
      "x_sgh_mirror": "HIT",
      "elapsed_ms": 75.5,
      "first_bytes": "<!DOCTYPE html>\n<html lang=\"vi\" prefix=\"og: https://ogp.me/ns#\">\n<head>\n<meta charset=\"UTF-8\">\n<meta name=\"viewport\" content=\"width=device-width, initial-scale=1\">\n\t<link rel=\"profile\" href=\"https://g",
      "has_horeca": true,
      "has_house_leak": false,
      "error": null
    },
    {
      "url": "https://saigonhoreca.local/danh-muc-san-pham/thiet-bi-lanh-cong-nghiep/ban-dong-cong-nghiep/",
      "status": 200,
      "size": 523146,
      "content_type": "text/html; charset=UTF-8",
      "x_sgh_mirror": "HIT",
      "elapsed_ms": 94.0,
      "first_bytes": "<!DOCTYPE html>\n<html lang=\"vi\" prefix=\"og: https://ogp.me/ns#\">\n<head>\n<meta charset=\"UTF-8\">\n<meta name=\"viewport\" content=\"width=device-width, initial-scale=1\">\n\t<link rel=\"profile\" href=\"https://g",
      "has_horeca": true,
      "has_house_leak": false,
      "error": null
    },
    {
      "url": "https://saigonhoreca.local/danh-muc-san-pham/thiet-bi-lanh-cong-nghiep/ban-lanh-salad-cong-nghiep/",
      "status": 200,
      "size": 456103,
      "content_type": "text/html; charset=UTF-8",
      "x_sgh_mirror": "HIT",
      "elapsed_ms": 110.3,
      "first_bytes": "<!DOCTYPE html>\n<html lang=\"vi\" prefix=\"og: https://ogp.me/ns#\">\n<head>\n<meta charset=\"UTF-8\">\n<meta name=\"viewport\" content=\"width=device-width, initial-scale=1\">\n\t<link rel=\"profile\" href=\"https://g",
      "has_horeca": true,
      "has_house_leak": false,
      "error": null
    },
    {
      "url": "https://saigonhoreca.local/danh-muc-san-pham/thiet-bi-lanh-cong-nghiep/ban-mat-cong-nghiep/",
      "status": 200,
      "size": 516732,
      "content_type": "text/html; charset=UTF-8",
      "x_sgh_mirror": "HIT",
      "elapsed_ms": 77.9,
      "first_bytes": "<!DOCTYPE html>\n<html lang=\"vi\" prefix=\"og: https://ogp.me/ns#\">\n<head>\n<meta charset=\"UTF-8\">\n<meta name=\"viewport\" content=\"width=device-width, initial-scale=1\">\n\t<link rel=\"profile\" href=\"https://g",
      "has_horeca": true,
      "has_house_leak": false,
      "error": null
    },
    {
      "url": "https://saigonhoreca.local/danh-muc-san-pham/thiet-bi-lanh-cong-nghiep/tu-bao-quan-trung-bay/",
      "status": 200,
      "size": 513859,
      "content_type": "text/html; charset=UTF-8",
      "x_sgh_mirror": "HIT",
      "elapsed_ms": 96.3,
      "first_bytes": "<!DOCTYPE html>\n<html lang=\"vi\" prefix=\"og: https://ogp.me/ns#\">\n<head>\n<meta charset=\"UTF-8\">\n<meta name=\"viewport\" content=\"width=device-width, initial-scale=1\">\n\t<link rel=\"profile\" href=\"https://g",
      "has_horeca": true,
      "has_house_leak": false,
      "error": null
    },
    {
      "url": "https://saigonhoreca.local/danh-muc-san-pham/thiet-bi-lanh-cong-nghiep/tu-cap-dong-nhanh-blast-chiller/",
      "status": 200,
      "size": 509394,
      "content_type": "text/html; charset=UTF-8",
      "x_sgh_mirror": "HIT",
      "elapsed_ms": 95.5,
      "first_bytes": "<!DOCTYPE html>\n<html lang=\"vi\" prefix=\"og: https://ogp.me/ns#\">\n<head>\n<meta charset=\"UTF-8\">\n<meta name=\"viewport\" content=\"width=device-width, initial-scale=1\">\n\t<link rel=\"profile\" href=\"https://g",
      "has_horeca": true,
      "has_house_leak": false,
      "error": null
    },
    {
      "url": "https://saigonhoreca.local/danh-muc-san-pham/thiet-bi-lanh-cong-nghiep/tu-dong-cong-nghiep/",
      "status": 200,
      "size": 500717,
      "content_type": "text/html; charset=UTF-8",
      "x_sgh_mirror": "HIT",
      "elapsed_ms": 90.2,
      "first_bytes": "<!DOCTYPE html>\n<html lang=\"vi\" prefix=\"og: https://ogp.me/ns#\">\n<head>\n<meta charset=\"UTF-8\">\n<meta name=\"viewport\" content=\"width=device-width, initial-scale=1\">\n\t<link rel=\"profile\" href=\"https://g",
      "has_horeca": true,
      "has_house_leak": false,
      "error": null
    },
    {
      "url": "https://saigonhoreca.local/danh-muc-san-pham/thiet-bi-lanh-cong-nghiep/tu-mat-cong-nghiep/",
      "status": 200,
      "size": 514030,
      "content_type": "text/html; charset=UTF-8",
      "x_sgh_mirror": "HIT",
      "elapsed_ms": 140.7,
      "first_bytes": "<!DOCTYPE html>\n<html lang=\"vi\" prefix=\"og: https://ogp.me/ns#\">\n<head>\n<meta charset=\"UTF-8\">\n<meta name=\"viewport\" content=\"width=device-width, initial-scale=1\">\n\t<link rel=\"profile\" href=\"https://g",
      "has_horeca": true,
      "has_house_leak": false,
      "error": null
    },
    {
      "url": "https://saigonhoreca.local/danh-muc-san-pham/thiet-bi-may-nau-cham-sous-vide/",
      "status": 200,
      "size": 423206,
      "content_type": "text/html; charset=UTF-8",
      "x_sgh_mirror": "HIT",
      "elapsed_ms": 128.4,
      "first_bytes": "<!DOCTYPE html>\n<html lang=\"vi\" prefix=\"og: https://ogp.me/ns#\">\n<head>\n<meta charset=\"UTF-8\">\n<meta name=\"viewport\" content=\"width=device-width, initial-scale=1\">\n\t<link rel=\"profile\" href=\"https://g",
      "has_horeca": true,
      "has_house_leak": false,
      "error": null
    },
    {
      "url": "https://saigonhoreca.local/danh-muc-san-pham/thiet-bi-quay-bar-cafe/",
      "status": 200,
      "size": 359169,
      "content_type": "text/html; charset=UTF-8",
      "x_sgh_mirror": "HIT",
      "elapsed_ms": 124.6,
      "first_bytes": "<!DOCTYPE html>\n<html lang=\"vi\" prefix=\"og: https://ogp.me/ns#\">\n<head>\n<meta charset=\"UTF-8\">\n<meta name=\"viewport\" content=\"width=device-width, initial-scale=1\">\n\t<link rel=\"profile\" href=\"https://g",
      "has_horeca": true,
      "has_house_leak": false,
      "error": null
    },
    {
      "url": "https://saigonhoreca.local/danh-muc-san-pham/thiet-bi-quay-bar-cafe/may-ep-trai-cay/",
      "status": 200,
      "size": 375235,
      "content_type": "text/html; charset=UTF-8",
      "x_sgh_mirror": "HIT",
      "elapsed_ms": 103.3,
      "first_bytes": "<!DOCTYPE html>\n<html lang=\"vi\" prefix=\"og: https://ogp.me/ns#\">\n<head>\n<meta charset=\"UTF-8\">\n<meta name=\"viewport\" content=\"width=device-width, initial-scale=1\">\n\t<link rel=\"profile\" href=\"https://g",
      "has_horeca": true,
      "has_house_leak": false,
      "error": null
    },
    {
      "url": "https://saigonhoreca.local/dich-vu-bao-dam-an-toan-bep-an-cong-nghiep/",
      "status": 200,
      "size": 374690,
      "content_type": "text/html; charset=UTF-8",
      "x_sgh_mirror": "HIT",
      "elapsed_ms": 97.3,
      "first_bytes": "<!DOCTYPE html>\n<html lang=\"vi\" prefix=\"og: https://ogp.me/ns#\">\n<head>\n<meta charset=\"UTF-8\">\n<meta name=\"viewport\" content=\"width=device-width, initial-scale=1\">\n\t<link rel=\"profile\" href=\"https://g",
      "has_horeca": true,
      "has_house_leak": false,
      "error": null
    },
    {
      "url": "https://saigonhoreca.local/du-an-bep-cang-tin-cong-ty-nhat-nichiyo/",
      "status": 200,
      "size": 323243,
      "content_type": "text/html; charset=UTF-8",
      "x_sgh_mirror": "HIT",
      "elapsed_ms": 101.5,
      "first_bytes": "<!DOCTYPE html>\n<html lang=\"vi\" prefix=\"og: https://ogp.me/ns#\">\n<head>\n<meta charset=\"UTF-8\">\n<meta name=\"viewport\" content=\"width=device-width, initial-scale=1\">\n\t<link rel=\"profile\" href=\"https://g",
      "has_horeca": true,
      "has_house_leak": false,
      "error": null
    },
    {
      "url": "https://saigonhoreca.local/du-an-kdl-rung-thong-nui-voi-cua-saigonhoreca/",
      "status": 200,
      "size": 325796,
      "content_type": "text/html; charset=UTF-8",
      "x_sgh_mirror": "HIT",
      "elapsed_ms": 85.0,
      "first_bytes": "<!DOCTYPE html>\n<html lang=\"vi\" prefix=\"og: https://ogp.me/ns#\">\n<head>\n<meta charset=\"UTF-8\">\n<meta name=\"viewport\" content=\"width=device-width, initial-scale=1\">\n\t<link rel=\"profile\" href=\"https://g",
      "has_horeca": true,
      "has_house_leak": false,
      "error": null
    },
    {
      "url": "https://saigonhoreca.local/du-an-noi-bat/",
      "status": 200,
      "size": 238780,
      "content_type": "text/html; charset=UTF-8",
      "x_sgh_mirror": "HIT",
      "elapsed_ms": 120.9,
      "first_bytes": "<!DOCTYPE html>\n<html lang=\"vi\" prefix=\"og: https://ogp.me/ns#\">\n<head>\n<meta charset=\"UTF-8\">\n<meta name=\"viewport\" content=\"width=device-width, initial-scale=1\">\n\t<link rel=\"profile\" href=\"https://g",
      "has_horeca": true,
      "has_house_leak": false,
      "error": null
    },
    {
      "url": "https://saigonhoreca.local/du-an-vinh-hiep/",
      "status": 200,
      "size": 327638,
      "content_type": "text/html; charset=UTF-8",
      "x_sgh_mirror": "HIT",
      "elapsed_ms": 96.7,
      "first_bytes": "<!DOCTYPE html>\n<html lang=\"vi\" prefix=\"og: https://ogp.me/ns#\">\n<head>\n<meta charset=\"UTF-8\">\n<meta name=\"viewport\" content=\"width=device-width, initial-scale=1\">\n\t<link rel=\"profile\" href=\"https://g",
      "has_horeca": true,
      "has_house_leak": false,
      "error": null
    },
    {
      "url": "https://saigonhoreca.local/du-an/",
      "status": 200,
      "size": 350713,
      "content_type": "text/html; charset=UTF-8",
      "x_sgh_mirror": "HIT",
      "elapsed_ms": 83.6,
      "first_bytes": "<!DOCTYPE html>\n<html lang=\"vi\" prefix=\"og: https://ogp.me/ns#\">\n<head>\n<meta charset=\"UTF-8\">\n<meta name=\"viewport\" content=\"width=device-width, initial-scale=1\">\n\t<link rel=\"profile\" href=\"https://g",
      "has_horeca": true,
      "has_house_leak": false,
      "error": null
    },
    {
      "url": "https://saigonhoreca.local/du-an/amdang-typhoon/",
      "status": 200,
      "size": 332777,
      "content_type": "text/html; charset=UTF-8",
      "x_sgh_mirror": "HIT",
      "elapsed_ms": 92.1,
      "first_bytes": "<!DOCTYPE html>\n<html lang=\"vi\" prefix=\"og: https://ogp.me/ns#\">\n<head>\n<meta charset=\"UTF-8\">\n<meta name=\"viewport\" content=\"width=device-width, initial-scale=1\">\n\t<link rel=\"profile\" href=\"https://g",
      "has_horeca": true,
      "has_house_leak": false,
      "error": null
    },
    {
      "url": "https://saigonhoreca.local/du-an/bambino-saigonhoreca/",
      "status": 200,
      "size": 328326,
      "content_type": "text/html; charset=UTF-8",
      "x_sgh_mirror": "HIT",
      "elapsed_ms": 73.4,
      "first_bytes": "<!DOCTYPE html>\n<html lang=\"vi\" prefix=\"og: https://ogp.me/ns#\">\n<head>\n<meta charset=\"UTF-8\">\n<meta name=\"viewport\" content=\"width=device-width, initial-scale=1\">\n\t<link rel=\"profile\" href=\"https://g",
      "has_horeca": true,
      "has_house_leak": false,
      "error": null
    },
    {
      "url": "https://saigonhoreca.local/du-an/bambino/",
      "status": 200,
      "size": 328326,
      "content_type": "text/html; charset=UTF-8",
      "x_sgh_mirror": "HIT",
      "elapsed_ms": 96.7,
      "first_bytes": "<!DOCTYPE html>\n<html lang=\"vi\" prefix=\"og: https://ogp.me/ns#\">\n<head>\n<meta charset=\"UTF-8\">\n<meta name=\"viewport\" content=\"width=device-width, initial-scale=1\">\n\t<link rel=\"profile\" href=\"https://g",
      "has_horeca": true,
      "has_house_leak": false,
      "error": null
    },
    {
      "url": "https://saigonhoreca.local/du-an/godmother-friendship/",
      "status": 200,
      "size": 280449,
      "content_type": "text/html; charset=UTF-8",
      "x_sgh_mirror": "HIT",
      "elapsed_ms": 104.0,
      "first_bytes": "<!DOCTYPE html>\n<html lang=\"vi\" prefix=\"og: https://ogp.me/ns#\">\n<head>\n<meta charset=\"UTF-8\">\n<meta name=\"viewport\" content=\"width=device-width, initial-scale=1\">\n\t<link rel=\"profile\" href=\"https://g",
      "has_horeca": true,
      "has_house_leak": false,
      "error": null
    },
    {
      "url": "https://saigonhoreca.local/du-an/grand-marble/",
      "status": 200,
      "size": 339722,
      "content_type": "text/html; charset=UTF-8",
      "x_sgh_mirror": "HIT",
      "elapsed_ms": 83.1,
      "first_bytes": "<!DOCTYPE html>\n<html lang=\"vi\" prefix=\"og: https://ogp.me/ns#\">\n<head>\n<meta charset=\"UTF-8\">\n<meta name=\"viewport\" content=\"width=device-width, initial-scale=1\">\n\t<link rel=\"profile\" href=\"https://g",
      "has_horeca": true,
      "has_house_leak": false,
      "error": null
    },
    {
      "url": "https://saigonhoreca.local/du-an/heiwa-sushi-omakase/",
      "status": 200,
      "size": 322626,
      "content_type": "text/html; charset=UTF-8",
      "x_sgh_mirror": "HIT",
      "elapsed_ms": 91.5,
      "first_bytes": "<!DOCTYPE html>\n<html lang=\"vi\" prefix=\"og: https://ogp.me/ns#\">\n<head>\n<meta charset=\"UTF-8\">\n<meta name=\"viewport\" content=\"width=device-width, initial-scale=1\">\n\t<link rel=\"profile\" href=\"https://g",
      "has_horeca": true,
      "has_house_leak": false,
      "error": null
    },
    {
      "url": "https://saigonhoreca.local/du-an/little-bear-thao-dien",
      "status": 200,
      "size": 298432,
      "content_type": "text/html; charset=UTF-8",
      "x_sgh_mirror": "HIT",
      "elapsed_ms": 69.8,
      "first_bytes": "<!DOCTYPE html>\n<html lang=\"vi\" prefix=\"og: https://ogp.me/ns#\">\n<head>\n<meta charset=\"UTF-8\">\n<meta name=\"viewport\" content=\"width=device-width, initial-scale=1\">\n\t<link rel=\"profile\" href=\"https://g",
      "has_horeca": true,
      "has_house_leak": false,
      "error": null
    },
    {
      "url": "https://saigonhoreca.local/du-an/little-bear-thao-dien/",
      "status": 200,
      "size": 298432,
      "content_type": "text/html; charset=UTF-8",
      "x_sgh_mirror": "HIT",
      "elapsed_ms": 82.7,
      "first_bytes": "<!DOCTYPE html>\n<html lang=\"vi\" prefix=\"og: https://ogp.me/ns#\">\n<head>\n<meta charset=\"UTF-8\">\n<meta name=\"viewport\" content=\"width=device-width, initial-scale=1\">\n\t<link rel=\"profile\" href=\"https://g",
      "has_horeca": true,
      "has_house_leak": false,
      "error": null
    },
    {
      "url": "https://saigonhoreca.local/du-an/mua-craft-sake-lam-ruou-sake-dau-tien-tai-viet-nam/",
      "status": 200,
      "size": 342787,
      "content_type": "text/html; charset=UTF-8",
      "x_sgh_mirror": "HIT",
      "elapsed_ms": 105.2,
      "first_bytes": "<!DOCTYPE html>\n<html lang=\"vi\" prefix=\"og: https://ogp.me/ns#\">\n<head>\n<meta charset=\"UTF-8\">\n<meta name=\"viewport\" content=\"width=device-width, initial-scale=1\">\n\t<link rel=\"profile\" href=\"https://g",
      "has_horeca": true,
      "has_house_leak": false,
      "error": null
    },
    {
      "url": "https://saigonhoreca.local/du-an/skyloft-by-glow/",
      "status": 200,
      "size": 314331,
      "content_type": "text/html; charset=UTF-8",
      "x_sgh_mirror": "HIT",
      "elapsed_ms": 98.0,
      "first_bytes": "<!DOCTYPE html>\n<html lang=\"vi\" prefix=\"og: https://ogp.me/ns#\">\n<head>\n<meta charset=\"UTF-8\">\n<meta name=\"viewport\" content=\"width=device-width, initial-scale=1\">\n\t<link rel=\"profile\" href=\"https://g",
      "has_horeca": true,
      "has_house_leak": false,
      "error": null
    },
    {
      "url": "https://saigonhoreca.local/du-an/sol-kitchen-bar-saigon-horeca/",
      "status": 200,
      "size": 325669,
      "content_type": "text/html; charset=UTF-8",
      "x_sgh_mirror": "HIT",
      "elapsed_ms": 74.5,
      "first_bytes": "<!DOCTYPE html>\n<html lang=\"vi\" prefix=\"og: https://ogp.me/ns#\">\n<head>\n<meta charset=\"UTF-8\">\n<meta name=\"viewport\" content=\"width=device-width, initial-scale=1\">\n\t<link rel=\"profile\" href=\"https://g",
      "has_horeca": true,
      "has_house_leak": false,
      "error": null
    },
    {
      "url": "https://saigonhoreca.local/du-an/sol-kitchen-bar/",
      "status": 200,
      "size": 331769,
      "content_type": "text/html; charset=UTF-8",
      "x_sgh_mirror": "HIT",
      "elapsed_ms": 84.1,
      "first_bytes": "<!DOCTYPE html>\n<html lang=\"vi\" prefix=\"og: https://ogp.me/ns#\">\n<head>\n<meta charset=\"UTF-8\">\n<meta name=\"viewport\" content=\"width=device-width, initial-scale=1\">\n\t<link rel=\"profile\" href=\"https://g",
      "has_horeca": true,
      "has_house_leak": false,
      "error": null
    },
    {
      "url": "https://saigonhoreca.local/du-an/the-brix/",
      "status": 200,
      "size": 288721,
      "content_type": "text/html; charset=UTF-8",
      "x_sgh_mirror": "HIT",
      "elapsed_ms": 69.6,
      "first_bytes": "<!DOCTYPE html>\n<html lang=\"vi\" prefix=\"og: https://ogp.me/ns#\">\n<head>\n<meta charset=\"UTF-8\">\n<meta name=\"viewport\" content=\"width=device-width, initial-scale=1\">\n\t<link rel=\"profile\" href=\"https://g",
      "has_horeca": true,
      "has_house_leak": false,
      "error": null
    },
    {
      "url": "https://saigonhoreca.local/du-an/the-royal-all-day-dining/",
      "status": 200,
      "size": 310642,
      "content_type": "text/html; charset=UTF-8",
      "x_sgh_mirror": "HIT",
      "elapsed_ms": 68.3,
      "first_bytes": "<!DOCTYPE html>\n<html lang=\"vi\" prefix=\"og: https://ogp.me/ns#\">\n<head>\n<meta charset=\"UTF-8\">\n<meta name=\"viewport\" content=\"width=device-width, initial-scale=1\">\n\t<link rel=\"profile\" href=\"https://g",
      "has_horeca": true,
      "has_house_leak": false,
      "error": null
    },
    {
      "url": "https://saigonhoreca.local/du-an/yuzu-omakase/",
      "status": 200,
      "size": 295305,
      "content_type": "text/html; charset=UTF-8",
      "x_sgh_mirror": "HIT",
      "elapsed_ms": 119.9,
      "first_bytes": "<!DOCTYPE html>\n<html lang=\"vi\" prefix=\"og: https://ogp.me/ns#\">\n<head>\n<meta charset=\"UTF-8\">\n<meta name=\"viewport\" content=\"width=device-width, initial-scale=1\">\n\t<link rel=\"profile\" href=\"https://g",
      "has_horeca": true,
      "has_house_leak": false,
      "error": null
    },
    {
      "url": "https://saigonhoreca.local/du-nam-an-an/",
      "status": 200,
      "size": 324866,
      "content_type": "text/html; charset=UTF-8",
      "x_sgh_mirror": "HIT",
      "elapsed_ms": 106.3,
      "first_bytes": "<!DOCTYPE html>\n<html lang=\"vi\" prefix=\"og: https://ogp.me/ns#\">\n<head>\n<meta charset=\"UTF-8\">\n<meta name=\"viewport\" content=\"width=device-width, initial-scale=1\">\n\t<link rel=\"profile\" href=\"https://g",
      "has_horeca": true,
      "has_house_leak": false,
      "error": null
    },
    {
      "url": "https://saigonhoreca.local/g-cup-coffee-bistro/",
      "status": 200,
      "size": 335328,
      "content_type": "text/html; charset=UTF-8",
      "x_sgh_mirror": "HIT",
      "elapsed_ms": 129.7,
      "first_bytes": "<!DOCTYPE html>\n<html lang=\"vi\" prefix=\"og: https://ogp.me/ns#\">\n<head>\n<meta charset=\"UTF-8\">\n<meta name=\"viewport\" content=\"width=device-width, initial-scale=1\">\n\t<link rel=\"profile\" href=\"https://g",
      "has_horeca": true,
      "has_house_leak": false,
      "error": null
    },
    {
      "url": "https://saigonhoreca.local/ganh-hao-noi-hon-bien-trong-tung-net-kien-truc/",
      "status": 200,
      "size": 326896,
      "content_type": "text/html; charset=UTF-8",
      "x_sgh_mirror": "HIT",
      "elapsed_ms": 72.9,
      "first_bytes": "<!DOCTYPE html>\n<html lang=\"vi\" prefix=\"og: https://ogp.me/ns#\">\n<head>\n<meta charset=\"UTF-8\">\n<meta name=\"viewport\" content=\"width=device-width, initial-scale=1\">\n\t<link rel=\"profile\" href=\"https://g",
      "has_horeca": true,
      "has_house_leak": false,
      "error": null
    },
    {
      "url": "https://saigonhoreca.local/giai-phap-cai-tao-bep-nha-hang-uy-tin-saigonhoreca/",
      "status": 200,
      "size": 335604,
      "content_type": "text/html; charset=UTF-8",
      "x_sgh_mirror": "HIT",
      "elapsed_ms": 91.5,
      "first_bytes": "<!DOCTYPE html>\n<html lang=\"vi\" prefix=\"og: https://ogp.me/ns#\">\n<head>\n<meta charset=\"UTF-8\">\n<meta name=\"viewport\" content=\"width=device-width, initial-scale=1\">\n\t<link rel=\"profile\" href=\"https://g",
      "has_horeca": true,
      "has_house_leak": false,
      "error": null
    },
    {
      "url": "https://saigonhoreca.local/godmother-friendship/",
      "status": 200,
      "size": 280449,
      "content_type": "text/html; charset=UTF-8",
      "x_sgh_mirror": "HIT",
      "elapsed_ms": 102.2,
      "first_bytes": "<!DOCTYPE html>\n<html lang=\"vi\" prefix=\"og: https://ogp.me/ns#\">\n<head>\n<meta charset=\"UTF-8\">\n<meta name=\"viewport\" content=\"width=device-width, initial-scale=1\">\n\t<link rel=\"profile\" href=\"https://g",
      "has_horeca": true,
      "has_house_leak": false,
      "error": null
    },
    {
      "url": "https://saigonhoreca.local/he-thong-hut-khoi-cho-mo-hinh-izakaya/",
      "status": 200,
      "size": 318660,
      "content_type": "text/html; charset=UTF-8",
      "x_sgh_mirror": "HIT",
      "elapsed_ms": 97.7,
      "first_bytes": "<!DOCTYPE html>\n<html lang=\"vi\" prefix=\"og: https://ogp.me/ns#\">\n<head>\n<meta charset=\"UTF-8\">\n<meta name=\"viewport\" content=\"width=device-width, initial-scale=1\">\n\t<link rel=\"profile\" href=\"https://g",
      "has_horeca": true,
      "has_house_leak": false,
      "error": null
    },
    {
      "url": "https://saigonhoreca.local/hemma-desserts-mot-goc-nho-chau-au-giua-thao-dien/",
      "status": 200,
      "size": 339699,
      "content_type": "text/html; charset=UTF-8",
      "x_sgh_mirror": "HIT",
      "elapsed_ms": 121.6,
      "first_bytes": "<!DOCTYPE html>\n<html lang=\"vi\" prefix=\"og: https://ogp.me/ns#\">\n<head>\n<meta charset=\"UTF-8\">\n<meta name=\"viewport\" content=\"width=device-width, initial-scale=1\">\n\t<link rel=\"profile\" href=\"https://g",
      "has_horeca": true,
      "has_house_leak": false,
      "error": null
    },
    {
      "url": "https://saigonhoreca.local/huong-dan-bao-duong-ban-inox-cong-nghiep-dung-cach/",
      "status": 200,
      "size": 336489,
      "content_type": "text/html; charset=UTF-8",
      "x_sgh_mirror": "HIT",
      "elapsed_ms": 99.0,
      "first_bytes": "<!DOCTYPE html>\n<html lang=\"vi\" prefix=\"og: https://ogp.me/ns#\">\n<head>\n<meta charset=\"UTF-8\">\n<meta name=\"viewport\" content=\"width=device-width, initial-scale=1\">\n\t<link rel=\"profile\" href=\"https://g",
      "has_horeca": true,
      "has_house_leak": false,
      "error": null
    },
    {
      "url": "https://saigonhoreca.local/huong-dan-lua-chon-ban-bep-nha-hang-chuan/",
      "status": 200,
      "size": 395051,
      "content_type": "text/html; charset=UTF-8",
      "x_sgh_mirror": "HIT",
      "elapsed_ms": 72.7,
      "first_bytes": "<!DOCTYPE html>\n<html lang=\"vi\" prefix=\"og: https://ogp.me/ns#\">\n<head>\n<meta charset=\"UTF-8\">\n<meta name=\"viewport\" content=\"width=device-width, initial-scale=1\">\n\t<link rel=\"profile\" href=\"https://g",
      "has_horeca": true,
      "has_house_leak": false,
      "error": null
    },
    {
      "url": "https://saigonhoreca.local/kham-pha-bi-quyet-su-dung-lo-nuong-da-nang/",
      "status": 200,
      "size": 408012,
      "content_type": "text/html; charset=UTF-8",
      "x_sgh_mirror": "HIT",
      "elapsed_ms": 85.4,
      "first_bytes": "<!DOCTYPE html>\n<html lang=\"vi\" prefix=\"og: https://ogp.me/ns#\">\n<head>\n<meta charset=\"UTF-8\">\n<meta name=\"viewport\" content=\"width=device-width, initial-scale=1\">\n\t<link rel=\"profile\" href=\"https://g",
      "has_horeca": true,
      "has_house_leak": false,
      "error": null
    },
    {
      "url": "https://saigonhoreca.local/lien-he/",
      "status": 200,
      "size": 275943,
      "content_type": "text/html; charset=UTF-8",
      "x_sgh_mirror": "HIT",
      "elapsed_ms": 96.6,
      "first_bytes": "<!DOCTYPE html>\n<html lang=\"vi\" prefix=\"og: https://ogp.me/ns#\">\n<head>\n<meta charset=\"UTF-8\">\n<meta name=\"viewport\" content=\"width=device-width, initial-scale=1\">\n\t<link rel=\"profile\" href=\"https://g",
      "has_horeca": true,
      "has_house_leak": false,
      "error": null
    },
    {
      "url": "https://saigonhoreca.local/mam-mam-eatery-lounge-nang-tam-mam-com-viet/",
      "status": 200,
      "size": 339581,
      "content_type": "text/html; charset=UTF-8",
      "x_sgh_mirror": "HIT",
      "elapsed_ms": 83.6,
      "first_bytes": "<!DOCTYPE html>\n<html lang=\"vi\" prefix=\"og: https://ogp.me/ns#\">\n<head>\n<meta charset=\"UTF-8\">\n<meta name=\"viewport\" content=\"width=device-width, initial-scale=1\">\n\t<link rel=\"profile\" href=\"https://g",
      "has_horeca": true,
      "has_house_leak": false,
      "error": null
    },
    {
      "url": "https://saigonhoreca.local/meo-khu-mui-tu-dong-khong-con-mui-hoi/",
      "status": 200,
      "size": 353028,
      "content_type": "text/html; charset=UTF-8",
      "x_sgh_mirror": "HIT",
      "elapsed_ms": 75.1,
      "first_bytes": "<!DOCTYPE html>\n<html lang=\"vi\" prefix=\"og: https://ogp.me/ns#\">\n<head>\n<meta charset=\"UTF-8\">\n<meta name=\"viewport\" content=\"width=device-width, initial-scale=1\">\n\t<link rel=\"profile\" href=\"https://g",
      "has_horeca": true,
      "has_house_leak": false,
      "error": null
    },
    {
      "url": "https://saigonhoreca.local/mo-hinh-bep-an-cong-nghiep-tieu-chuan-danh-cho-nha-hang/",
      "status": 200,
      "size": 403382,
      "content_type": "text/html; charset=UTF-8",
      "x_sgh_mirror": "HIT",
      "elapsed_ms": 106.6,
      "first_bytes": "<!DOCTYPE html>\n<html lang=\"vi\" prefix=\"og: https://ogp.me/ns#\">\n<head>\n<meta charset=\"UTF-8\">\n<meta name=\"viewport\" content=\"width=device-width, initial-scale=1\">\n\t<link rel=\"profile\" href=\"https://g",
      "has_horeca": true,
      "has_house_leak": false,
      "error": null
    },
    {
      "url": "https://saigonhoreca.local/moa-moa/",
      "status": 200,
      "size": 326268,
      "content_type": "text/html; charset=UTF-8",
      "x_sgh_mirror": "HIT",
      "elapsed_ms": 84.8,
      "first_bytes": "<!DOCTYPE html>\n<html lang=\"vi\" prefix=\"og: https://ogp.me/ns#\">\n<head>\n<meta charset=\"UTF-8\">\n<meta name=\"viewport\" content=\"width=device-width, initial-scale=1\">\n\t<link rel=\"profile\" href=\"https://g",
      "has_horeca": true,
      "has_house_leak": false,
      "error": null
    },
    {
      "url": "https://saigonhoreca.local/ong-hut-khoi-cong-nghiep-vai-tro-quan-trong/",
      "status": 200,
      "size": 344448,
      "content_type": "text/html; charset=UTF-8",
      "x_sgh_mirror": "HIT",
      "elapsed_ms": 111.3,
      "first_bytes": "<!DOCTYPE html>\n<html lang=\"vi\" prefix=\"og: https://ogp.me/ns#\">\n<head>\n<meta charset=\"UTF-8\">\n<meta name=\"viewport\" content=\"width=device-width, initial-scale=1\">\n\t<link rel=\"profile\" href=\"https://g",
      "has_horeca": true,
      "has_house_leak": false,
      "error": null
    },
    {
      "url": "https://saigonhoreca.local/phan-biet-su-khac-nhau-giua-bep-au-va-bep-a/",
      "status": 200,
      "size": 333385,
      "content_type": "text/html; charset=UTF-8",
      "x_sgh_mirror": "HIT",
      "elapsed_ms": 111.5,
      "first_bytes": "<!DOCTYPE html>\n<html lang=\"vi\" prefix=\"og: https://ogp.me/ns#\">\n<head>\n<meta charset=\"UTF-8\">\n<meta name=\"viewport\" content=\"width=device-width, initial-scale=1\">\n\t<link rel=\"profile\" href=\"https://g",
      "has_horeca": true,
      "has_house_leak": false,
      "error": null
    },
    {
      "url": "https://saigonhoreca.local/pho-24/",
      "status": 200,
      "size": 328610,
      "content_type": "text/html; charset=UTF-8",
      "x_sgh_mirror": "HIT",
      "elapsed_ms": 90.6,
      "first_bytes": "<!DOCTYPE html>\n<html lang=\"vi\" prefix=\"og: https://ogp.me/ns#\">\n<head>\n<meta charset=\"UTF-8\">\n<meta name=\"viewport\" content=\"width=device-width, initial-scale=1\">\n\t<link rel=\"profile\" href=\"https://g",
      "has_horeca": true,
      "has_house_leak": false,
      "error": null
    },
    {
      "url": "https://saigonhoreca.local/renovate-sol-kitchen-bar-quan-7/",
      "status": 200,
      "size": 331769,
      "content_type": "text/html; charset=UTF-8",
      "x_sgh_mirror": "HIT",
      "elapsed_ms": 97.4,
      "first_bytes": "<!DOCTYPE html>\n<html lang=\"vi\" prefix=\"og: https://ogp.me/ns#\">\n<head>\n<meta charset=\"UTF-8\">\n<meta name=\"viewport\" content=\"width=device-width, initial-scale=1\">\n\t<link rel=\"profile\" href=\"https://g",
      "has_horeca": true,
      "has_house_leak": false,
      "error": null
    },
    {
      "url": "https://saigonhoreca.local/rokafella/",
      "status": 200,
      "size": 238772,
      "content_type": "text/html; charset=UTF-8",
      "x_sgh_mirror": "HIT",
      "elapsed_ms": 103.2,
      "first_bytes": "<!DOCTYPE html>\n<html lang=\"vi\" prefix=\"og: https://ogp.me/ns#\">\n<head>\n<meta charset=\"UTF-8\">\n<meta name=\"viewport\" content=\"width=device-width, initial-scale=1\">\n\t<link rel=\"profile\" href=\"https://g",
      "has_horeca": true,
      "has_house_leak": false,
      "error": null
    },
    {
      "url": "https://saigonhoreca.local/rui-ro-pho-bien-khi-su-dung-thiet-bi-bep-cong-nghiep/",
      "status": 200,
      "size": 346100,
      "content_type": "text/html; charset=UTF-8",
      "x_sgh_mirror": "HIT",
      "elapsed_ms": 108.1,
      "first_bytes": "<!DOCTYPE html>\n<html lang=\"vi\" prefix=\"og: https://ogp.me/ns#\">\n<head>\n<meta charset=\"UTF-8\">\n<meta name=\"viewport\" content=\"width=device-width, initial-scale=1\">\n\t<link rel=\"profile\" href=\"https://g",
      "has_horeca": true,
      "has_house_leak": false,
      "error": null
    },
    {
      "url": "https://saigonhoreca.local/saigon-horeca-nghe-thuat-thiet-ke-bep-nha-hang/",
      "status": 200,
      "size": 341115,
      "content_type": "text/html; charset=UTF-8",
      "x_sgh_mirror": "HIT",
      "elapsed_ms": 116.7,
      "first_bytes": "<!DOCTYPE html>\n<html lang=\"vi\" prefix=\"og: https://ogp.me/ns#\">\n<head>\n<meta charset=\"UTF-8\">\n<meta name=\"viewport\" content=\"width=device-width, initial-scale=1\">\n\t<link rel=\"profile\" href=\"https://g",
      "has_horeca": true,
      "has_house_leak": false,
      "error": null
    },
    {
      "url": "https://saigonhoreca.local/saigon-horeca-trien-khai-he-thong-bep-cao-cap-2-nha-hang-michelin-2024/",
      "status": 200,
      "size": 319481,
      "content_type": "text/html; charset=UTF-8",
      "x_sgh_mirror": "HIT",
      "elapsed_ms": 88.2,
      "first_bytes": "<!DOCTYPE html>\n<html lang=\"vi\" prefix=\"og: https://ogp.me/ns#\">\n<head>\n<meta charset=\"UTF-8\">\n<meta name=\"viewport\" content=\"width=device-width, initial-scale=1\">\n\t<link rel=\"profile\" href=\"https://g",
      "has_horeca": true,
      "has_house_leak": false,
      "error": null
    },
    {
      "url": "https://saigonhoreca.local/san-pham/",
      "status": 200,
      "size": 443023,
      "content_type": "text/html; charset=UTF-8",
      "x_sgh_mirror": "HIT",
      "elapsed_ms": 105.6,
      "first_bytes": "<!DOCTYPE html>\n<html lang=\"vi\" prefix=\"og: https://ogp.me/ns#\">\n<head>\n<meta charset=\"UTF-8\">\n<meta name=\"viewport\" content=\"width=device-width, initial-scale=1\">\n\t<link rel=\"profile\" href=\"https://g",
      "has_horeca": true,
      "has_house_leak": false,
      "error": null
    },
    {
      "url": "https://saigonhoreca.local/san-pham/ban-dong-ft-126ma-s-hoshizaki/",
      "status": 200,
      "size": 342942,
      "content_type": "text/html; charset=UTF-8",
      "x_sgh_mirror": "HIT",
      "elapsed_ms": 125.3,
      "first_bytes": "<!DOCTYPE html>\n<html lang=\"vi\" prefix=\"og: https://ogp.me/ns#\">\n<head>\n<meta charset=\"UTF-8\">\n<meta name=\"viewport\" content=\"width=device-width, initial-scale=1\">\n\t<link rel=\"profile\" href=\"https://g",
      "has_horeca": true,
      "has_house_leak": false,
      "error": null
    },
    {
      "url": "https://saigonhoreca.local/san-pham/ban-giu-am-chen-dia-fht1560-fujimak-japan/",
      "status": 200,
      "size": 345232,
      "content_type": "text/html; charset=UTF-8",
      "x_sgh_mirror": "HIT",
      "elapsed_ms": 95.5,
      "first_bytes": "<!DOCTYPE html>\n<html lang=\"vi\" prefix=\"og: https://ogp.me/ns#\">\n<head>\n<meta charset=\"UTF-8\">\n<meta name=\"viewport\" content=\"width=device-width, initial-scale=1\">\n\t<link rel=\"profile\" href=\"https://g",
      "has_horeca": true,
      "has_house_leak": false,
      "error": null
    },
    {
      "url": "https://saigonhoreca.local/san-pham/ban-giu-am-chen-dia-fhta1275-fujimak-japan/",
      "status": 200,
      "size": 345328,
      "content_type": "text/html; charset=UTF-8",
      "x_sgh_mirror": "HIT",
      "elapsed_ms": 109.2,
      "first_bytes": "<!DOCTYPE html>\n<html lang=\"vi\" prefix=\"og: https://ogp.me/ns#\">\n<head>\n<meta charset=\"UTF-8\">\n<meta name=\"viewport\" content=\"width=device-width, initial-scale=1\">\n\t<link rel=\"profile\" href=\"https://g",
      "has_horeca": true,
      "has_house_leak": false,
      "error": null
    },
    {
      "url": "https://saigonhoreca.local/san-pham/ban-giu-am-chen-dia-fhta1290-fujimak-japan/",
      "status": 200,
      "size": 345315,
      "content_type": "text/html; charset=UTF-8",
      "x_sgh_mirror": "HIT",
      "elapsed_ms": 116.1,
      "first_bytes": "<!DOCTYPE html>\n<html lang=\"vi\" prefix=\"og: https://ogp.me/ns#\">\n<head>\n<meta charset=\"UTF-8\">\n<meta name=\"viewport\" content=\"width=device-width, initial-scale=1\">\n\t<link rel=\"profile\" href=\"https://g",
      "has_horeca": true,
      "has_house_leak": false,
      "error": null
    },
    {
      "url": "https://saigonhoreca.local/san-pham/ban-giu-am-chen-dia-fhta1575-fujimak-japan/",
      "status": 200,
      "size": 345250,
      "content_type": "text/html; charset=UTF-8",
      "x_sgh_mirror": "HIT",
      "elapsed_ms": 100.7,
      "first_bytes": "<!DOCTYPE html>\n<html lang=\"vi\" prefix=\"og: https://ogp.me/ns#\">\n<head>\n<meta charset=\"UTF-8\">\n<meta name=\"viewport\" content=\"width=device-width, initial-scale=1\">\n\t<link rel=\"profile\" href=\"https://g",
      "has_horeca": true,
      "has_house_leak": false,
      "error": null
    },
    {
      "url": "https://saigonhoreca.local/san-pham/ban-giu-am-chen-dia-fhta1590-fujimak-japan/",
      "status": 200,
      "size": 345288,
      "content_type": "text/html; charset=UTF-8",
      "x_sgh_mirror": "HIT",
      "elapsed_ms": 146.1,
      "first_bytes": "<!DOCTYPE html>\n<html lang=\"vi\" prefix=\"og: https://ogp.me/ns#\">\n<head>\n<meta charset=\"UTF-8\">\n<meta name=\"viewport\" content=\"width=device-width, initial-scale=1\">\n\t<link rel=\"profile\" href=\"https://g",
      "has_horeca": true,
      "has_house_leak": false,
      "error": null
    },
    {
      "url": "https://saigonhoreca.local/san-pham/ban-giu-am-chen-dia-fhta1875-fujimak-japan/",
      "status": 200,
      "size": 345292,
      "content_type": "text/html; charset=UTF-8",
      "x_sgh_mirror": "HIT",
      "elapsed_ms": 118.0,
      "first_bytes": "<!DOCTYPE html>\n<html lang=\"vi\" prefix=\"og: https://ogp.me/ns#\">\n<head>\n<meta charset=\"UTF-8\">\n<meta name=\"viewport\" content=\"width=device-width, initial-scale=1\">\n\t<link rel=\"profile\" href=\"https://g",
      "has_horeca": true,
      "has_house_leak": false,
      "error": null
    },
    {
      "url": "https://saigonhoreca.local/san-pham/ban-giu-am-chen-dia-fhta1890-fujimak-japan/",
      "status": 200,
      "size": 345287,
      "content_type": "text/html; charset=UTF-8",
      "x_sgh_mirror": "HIT",
      "elapsed_ms": 111.6,
      "first_bytes": "<!DOCTYPE html>\n<html lang=\"vi\" prefix=\"og: https://ogp.me/ns#\">\n<head>\n<meta charset=\"UTF-8\">\n<meta name=\"viewport\" content=\"width=device-width, initial-scale=1\">\n\t<link rel=\"profile\" href=\"https://g",
      "has_horeca": true,
      "has_house_leak": false,
      "error": null
    },
    {
      "url": "https://saigonhoreca.local/san-pham/bep-dien-4-hong-dang-de-ban-ce74tt-giorik-italia/",
      "status": 200,
      "size": 345338,
      "content_type": "text/html; charset=UTF-8",
      "x_sgh_mirror": "HIT",
      "elapsed_ms": 136.7,
      "first_bytes": "<!DOCTYPE html>\n<html lang=\"vi\" prefix=\"og: https://ogp.me/ns#\">\n<head>\n<meta charset=\"UTF-8\">\n<meta name=\"viewport\" content=\"width=device-width, initial-scale=1\">\n\t<link rel=\"profile\" href=\"https://g",
      "has_horeca": true,
      "has_house_leak": false,
      "error": null
    },
    {
      "url": "https://saigonhoreca.local/san-pham/bep-gas-dang-thap-fgtls1260-fujimak-japan/",
      "status": 200,
      "size": 347148,
      "content_type": "text/html; charset=UTF-8",
      "x_sgh_mirror": "HIT",
      "elapsed_ms": 111.7,
      "first_bytes": "<!DOCTYPE html>\n<html lang=\"vi\" prefix=\"og: https://ogp.me/ns#\">\n<head>\n<meta charset=\"UTF-8\">\n<meta name=\"viewport\" content=\"width=device-width, initial-scale=1\">\n\t<link rel=\"profile\" href=\"https://g",
      "has_horeca": true,
      "has_house_leak": false,
      "error": null
    },
    {
      "url": "https://saigonhoreca.local/san-pham/bep-gas-dang-thap-fgtls1275-fujimak-japan/",
      "status": 200,
      "size": 347167,
      "content_type": "text/html; charset=UTF-8",
      "x_sgh_mirror": "HIT",
      "elapsed_ms": 134.0,
      "first_bytes": "<!DOCTYPE html>\n<html lang=\"vi\" prefix=\"og: https://ogp.me/ns#\">\n<head>\n<meta charset=\"UTF-8\">\n<meta name=\"viewport\" content=\"width=device-width, initial-scale=1\">\n\t<link rel=\"profile\" href=\"https://g",
      "has_horeca": true,
      "has_house_leak": false,
      "error": null
    },
    {
      "url": "https://saigonhoreca.local/san-pham/bep-gas-khong-chan-fgtc30-45-fujimak-japan/",
      "status": 200,
      "size": 347841,
      "content_type": "text/html; charset=UTF-8",
      "x_sgh_mirror": "HIT",
      "elapsed_ms": 110.5,
      "first_bytes": "<!DOCTYPE html>\n<html lang=\"vi\" prefix=\"og: https://ogp.me/ns#\">\n<head>\n<meta charset=\"UTF-8\">\n<meta name=\"viewport\" content=\"width=device-width, initial-scale=1\">\n\t<link rel=\"profile\" href=\"https://g",
      "has_horeca": true,
      "has_house_leak": false,
      "error": null
    },
    {
      "url": "https://saigonhoreca.local/san-pham/bep-gas-khong-chan-fgtc45-45-fujimak-japan/",
      "status": 200,
      "size": 347831,
      "content_type": "text/html; charset=UTF-8",
      "x_sgh_mirror": "HIT",
      "elapsed_ms": 71.2,
      "first_bytes": "<!DOCTYPE html>\n<html lang=\"vi\" prefix=\"og: https://ogp.me/ns#\">\n<head>\n<meta charset=\"UTF-8\">\n<meta name=\"viewport\" content=\"width=device-width, initial-scale=1\">\n\t<link rel=\"profile\" href=\"https://g",
      "has_horeca": true,
      "has_house_leak": false,
      "error": null
    },
    {
      "url": "https://saigonhoreca.local/san-pham/bep-gas-khong-chan-fgtc60-45-fujimak-japan/",
      "status": 200,
      "size": 347740,
      "content_type": "text/html; charset=UTF-8",
      "x_sgh_mirror": "HIT",
      "elapsed_ms": 93.7,
      "first_bytes": "<!DOCTYPE html>\n<html lang=\"vi\" prefix=\"og: https://ogp.me/ns#\">\n<head>\n<meta charset=\"UTF-8\">\n<meta name=\"viewport\" content=\"width=device-width, initial-scale=1\">\n\t<link rel=\"profile\" href=\"https://g",
      "has_horeca": true,
      "has_house_leak": false,
      "error": null
    },
    {
      "url": "https://saigonhoreca.local/san-pham/bo-loc-nuoc-scnp-1000l-scale-control/",
      "status": 200,
      "size": 345721,
      "content_type": "text/html; charset=UTF-8",
      "x_sgh_mirror": "HIT",
      "elapsed_ms": 104.2,
      "first_bytes": "<!DOCTYPE html>\n<html lang=\"vi\" prefix=\"og: https://ogp.me/ns#\">\n<head>\n<meta charset=\"UTF-8\">\n<meta name=\"viewport\" content=\"width=device-width, initial-scale=1\">\n\t<link rel=\"profile\" href=\"https://g",
      "has_horeca": true,
      "has_house_leak": false,
      "error": null
    },
    {
      "url": "https://saigonhoreca.local/san-pham/chien-nhung-dien-doi-dang-de-ban-fe7210t-giorik-italia/",
      "status": 200,
      "size": 346683,
      "content_type": "text/html; charset=UTF-8",
      "x_sgh_mirror": "HIT",
      "elapsed_ms": 84.1,
      "first_bytes": "<!DOCTYPE html>\n<html lang=\"vi\" prefix=\"og: https://ogp.me/ns#\">\n<head>\n<meta charset=\"UTF-8\">\n<meta name=\"viewport\" content=\"width=device-width, initial-scale=1\">\n\t<link rel=\"profile\" href=\"https://g",
      "has_horeca": true,
      "has_house_leak": false,
      "error": null
    },
    {
      "url": "https://saigonhoreca.local/san-pham/chien-nhung-doi-df11d-17-berjaya-malaysia/",
      "status": 200,
      "size": 345224,
      "content_type": "text/html; charset=UTF-8",
      "x_sgh_mirror": "HIT",
      "elapsed_ms": 93.8,
      "first_bytes": "<!DOCTYPE html>\n<html lang=\"vi\" prefix=\"og: https://ogp.me/ns#\">\n<head>\n<meta charset=\"UTF-8\">\n<meta name=\"viewport\" content=\"width=device-width, initial-scale=1\">\n\t<link rel=\"profile\" href=\"https://g",
      "has_horeca": true,
      "has_house_leak": false,
      "error": null
    },
    {
      "url": "https://saigonhoreca.local/san-pham/chien-nhung-doi-gas-gdf11d/",
      "status": 200,
      "size": 347313,
      "content_type": "text/html; charset=UTF-8",
      "x_sgh_mirror": "HIT",
      "elapsed_ms": 104.7,
      "first_bytes": "<!DOCTYPE html>\n<html lang=\"vi\" prefix=\"og: https://ogp.me/ns#\">\n<head>\n<meta charset=\"UTF-8\">\n<meta name=\"viewport\" content=\"width=device-width, initial-scale=1\">\n\t<link rel=\"profile\" href=\"https://g",
      "has_horeca": true,
      "has_house_leak": false,
      "error": null
    },
    {
      "url": "https://saigonhoreca.local/san-pham/chien-nhung-doi-gas-gdfe2bfs-17-berjaya-malaysia/",
      "status": 200,
      "size": 348094,
      "content_type": "text/html; charset=UTF-8",
      "x_sgh_mirror": "HIT",
      "elapsed_ms": 101.4,
      "first_bytes": "<!DOCTYPE html>\n<html lang=\"vi\" prefix=\"og: https://ogp.me/ns#\">\n<head>\n<meta charset=\"UTF-8\">\n<meta name=\"viewport\" content=\"width=device-width, initial-scale=1\">\n\t<link rel=\"profile\" href=\"https://g",
      "has_horeca": true,
      "has_house_leak": false,
      "error": null
    },
    {
      "url": "https://saigonhoreca.local/san-pham/chien-nhung-don-df12-17-berjaya-malaysia/",
      "status": 200,
      "size": 345015,
      "content_type": "text/html; charset=UTF-8",
      "x_sgh_mirror": "HIT",
      "elapsed_ms": 92.5,
      "first_bytes": "<!DOCTYPE html>\n<html lang=\"vi\" prefix=\"og: https://ogp.me/ns#\">\n<head>\n<meta charset=\"UTF-8\">\n<meta name=\"viewport\" content=\"width=device-width, initial-scale=1\">\n\t<link rel=\"profile\" href=\"https://g",
      "has_horeca": true,
      "has_house_leak": false,
      "error": null
    },
    {
      "url": "https://saigonhoreca.local/san-pham/chien-nhung-don-df13-17-berjaya-malaysia/",
      "status": 200,
      "size": 344815,
      "content_type": "text/html; charset=UTF-8",
      "x_sgh_mirror": "HIT",
      "elapsed_ms": 109.1,
      "first_bytes": "<!DOCTYPE html>\n<html lang=\"vi\" prefix=\"og: https://ogp.me/ns#\">\n<head>\n<meta charset=\"UTF-8\">\n<meta name=\"viewport\" content=\"width=device-width, initial-scale=1\">\n\t<link rel=\"profile\" href=\"https://g",
      "has_horeca": true,
      "has_house_leak": false,
      "error": null
    },
    {
      "url": "https://saigonhoreca.local/san-pham/chien-nhung-don-df23s1b-17-berjaya-malaysia/",
      "status": 200,
      "size": 345106,
      "content_type": "text/html; charset=UTF-8",
      "x_sgh_mirror": "HIT",
      "elapsed_ms": 73.0,
      "first_bytes": "<!DOCTYPE html>\n<html lang=\"vi\" prefix=\"og: https://ogp.me/ns#\">\n<head>\n<meta charset=\"UTF-8\">\n<meta name=\"viewport\" content=\"width=device-width, initial-scale=1\">\n\t<link rel=\"profile\" href=\"https://g",
      "has_horeca": true,
      "has_house_leak": false,
      "error": null
    },
    {
      "url": "https://saigonhoreca.local/san-pham/chien-nhung-don-gas-gdfe1bfs-17-berjaya-malaysia/",
      "status": 200,
      "size": 347938,
      "content_type": "text/html; charset=UTF-8",
      "x_sgh_mirror": "HIT",
      "elapsed_ms": 83.0,
      "first_bytes": "<!DOCTYPE html>\n<html lang=\"vi\" prefix=\"og: https://ogp.me/ns#\">\n<head>\n<meta charset=\"UTF-8\">\n<meta name=\"viewport\" content=\"width=device-width, initial-scale=1\">\n\t<link rel=\"profile\" href=\"https://g",
      "has_horeca": true,
      "has_house_leak": false,
      "error": null
    },
    {
      "url": "https://saigonhoreca.local/san-pham/chien-nua-nham-nua-phang-fme741tf-giorik-italia/",
      "status": 200,
      "size": 347119,
      "content_type": "text/html; charset=UTF-8",
      "x_sgh_mirror": "HIT",
      "elapsed_ms": 70.0,
      "first_bytes": "<!DOCTYPE html>\n<html lang=\"vi\" prefix=\"og: https://ogp.me/ns#\">\n<head>\n<meta charset=\"UTF-8\">\n<meta name=\"viewport\" content=\"width=device-width, initial-scale=1\">\n\t<link rel=\"profile\" href=\"https://g",
      "has_horeca": true,
      "has_house_leak": false,
      "error": null
    },
    {
      "url": "https://saigonhoreca.local/san-pham/chien-phang-dien-eg5250-17-berjaya-malaysia/",
      "status": 200,
      "size": 348199,
      "content_type": "text/html; charset=UTF-8",
      "x_sgh_mirror": "HIT",
      "elapsed_ms": 69.5,
      "first_bytes": "<!DOCTYPE html>\n<html lang=\"vi\" prefix=\"og: https://ogp.me/ns#\">\n<head>\n<meta charset=\"UTF-8\">\n<meta name=\"viewport\" content=\"width=device-width, initial-scale=1\">\n\t<link rel=\"profile\" href=\"https://g",
      "has_horeca": true,
      "has_house_leak": false,
      "error": null
    },
    {
      "url": "https://saigonhoreca.local/san-pham/chien-phang-dien-eg5250fs-17-berjaya-malaysia/",
      "status": 200,
      "size": 348321,
      "content_type": "text/html; charset=UTF-8",
      "x_sgh_mirror": "HIT",
      "elapsed_ms": 88.9,
      "first_bytes": "<!DOCTYPE html>\n<html lang=\"vi\" prefix=\"og: https://ogp.me/ns#\">\n<head>\n<meta charset=\"UTF-8\">\n<meta name=\"viewport\" content=\"width=device-width, initial-scale=1\">\n\t<link rel=\"profile\" href=\"https://g",
      "has_horeca": true,
      "has_house_leak": false,
      "error": null
    },
    {
      "url": "https://saigonhoreca.local/san-pham/chien-phang-gas-gg2b-17-berjaya-malaysia/",
      "status": 200,
      "size": 348453,
      "content_type": "text/html; charset=UTF-8",
      "x_sgh_mirror": "HIT",
      "elapsed_ms": 95.0,
      "first_bytes": "<!DOCTYPE html>\n<html lang=\"vi\" prefix=\"og: https://ogp.me/ns#\">\n<head>\n<meta charset=\"UTF-8\">\n<meta name=\"viewport\" content=\"width=device-width, initial-scale=1\">\n\t<link rel=\"profile\" href=\"https://g",
      "has_horeca": true,
      "has_house_leak": false,
      "error": null
    },
    {
      "url": "https://saigonhoreca.local/san-pham/den-diet-con-trung-bjy-ik30a-berjaya-malaysia/",
      "status": 200,
      "size": 346197,
      "content_type": "text/html; charset=UTF-8",
      "x_sgh_mirror": "HIT",
      "elapsed_ms": 87.9,
      "first_bytes": "<!DOCTYPE html>\n<html lang=\"vi\" prefix=\"og: https://ogp.me/ns#\">\n<head>\n<meta charset=\"UTF-8\">\n<meta name=\"viewport\" content=\"width=device-width, initial-scale=1\">\n\t<link rel=\"profile\" href=\"https://g",
      "has_horeca": true,
      "has_house_leak": false,
      "error": null
    },
    {
      "url": "https://saigonhoreca.local/san-pham/den-giu-am-thuc-an-ir1000-berjaya-malaysia/",
      "status": 200,
      "size": 346834,
      "content_type": "text/html; charset=UTF-8",
      "x_sgh_mirror": "HIT",
      "elapsed_ms": 91.9,
      "first_bytes": "<!DOCTYPE html>\n<html lang=\"vi\" prefix=\"og: https://ogp.me/ns#\">\n<head>\n<meta charset=\"UTF-8\">\n<meta name=\"viewport\" content=\"width=device-width, initial-scale=1\">\n\t<link rel=\"profile\" href=\"https://g",
      "has_horeca": true,
      "has_house_leak": false,
      "error": null
    },
    {
      "url": "https://saigonhoreca.local/san-pham/he-thong-hut-khoi-cap-khi-tuoi-bambino/",
      "status": 200,
      "size": 343533,
      "content_type": "text/html; charset=UTF-8",
      "x_sgh_mirror": "HIT",
      "elapsed_ms": 101.4,
      "first_bytes": "<!DOCTYPE html>\n<html lang=\"vi\" prefix=\"og: https://ogp.me/ns#\">\n<head>\n<meta charset=\"UTF-8\">\n<meta name=\"viewport\" content=\"width=device-width, initial-scale=1\">\n\t<link rel=\"profile\" href=\"https://g",
      "has_horeca": true,
      "has_house_leak": false,
      "error": null
    },
    {
      "url": "https://saigonhoreca.local/san-pham/he-thong-hut-khoi-cap-khi-tuoi-boi-saigon-horeca/",
      "status": 200,
      "size": 344081,
      "content_type": "text/html; charset=UTF-8",
      "x_sgh_mirror": "HIT",
      "elapsed_ms": 84.4,
      "first_bytes": "<!DOCTYPE html>\n<html lang=\"vi\" prefix=\"og: https://ogp.me/ns#\">\n<head>\n<meta charset=\"UTF-8\">\n<meta name=\"viewport\" content=\"width=device-width, initial-scale=1\">\n\t<link rel=\"profile\" href=\"https://g",
      "has_horeca": true,
      "has_house_leak": false,
      "error": null
    },
    {
      "url": "https://saigonhoreca.local/san-pham/he-thong-hut-khoi-cap-khi-tuoi-mam-mam/",
      "status": 200,
      "size": 343909,
      "content_type": "text/html; charset=UTF-8",
      "x_sgh_mirror": "HIT",
      "elapsed_ms": 79.6,
      "first_bytes": "<!DOCTYPE html>\n<html lang=\"vi\" prefix=\"og: https://ogp.me/ns#\">\n<head>\n<meta charset=\"UTF-8\">\n<meta name=\"viewport\" content=\"width=device-width, initial-scale=1\">\n\t<link rel=\"profile\" href=\"https://g",
      "has_horeca": true,
      "has_house_leak": false,
      "error": null
    },
    {
      "url": "https://saigonhoreca.local/san-pham/he-thong-hut-khoi-cap-khi-tuoi-sol-kitchen-bar/",
      "status": 200,
      "size": 344592,
      "content_type": "text/html; charset=UTF-8",
      "x_sgh_mirror": "HIT",
      "elapsed_ms": 115.9,
      "first_bytes": "<!DOCTYPE html>\n<html lang=\"vi\" prefix=\"og: https://ogp.me/ns#\">\n<head>\n<meta charset=\"UTF-8\">\n<meta name=\"viewport\" content=\"width=device-width, initial-scale=1\">\n\t<link rel=\"profile\" href=\"https://g",
      "has_horeca": true,
      "has_house_leak": false,
      "error": null
    },
    {
      "url": "https://saigonhoreca.local/san-pham/lo-combi-sehe061w-sammic-spain/",
      "status": 200,
      "size": 344849,
      "content_type": "text/html; charset=UTF-8",
      "x_sgh_mirror": "HIT",
      "elapsed_ms": 109.2,
      "first_bytes": "<!DOCTYPE html>\n<html lang=\"vi\" prefix=\"og: https://ogp.me/ns#\">\n<head>\n<meta charset=\"UTF-8\">\n<meta name=\"viewport\" content=\"width=device-width, initial-scale=1\">\n\t<link rel=\"profile\" href=\"https://g",
      "has_horeca": true,
      "has_house_leak": false,
      "error": null
    },
    {
      "url": "https://saigonhoreca.local/san-pham/lo-combi-sere061w-sammic-spain/",
      "status": 200,
      "size": 344868,
      "content_type": "text/html; charset=UTF-8",
      "x_sgh_mirror": "HIT",
      "elapsed_ms": 71.4,
[...]
      "has_house_leak": false,
      "error": null
    },
    {
      "url": "https://saigonhoreca.local/tu-khoa-san-pham/may-ep-li-240/",
      "status": 200,
      "size": 354214,
      "content_type": "text/html; charset=UTF-8",
      "x_sgh_mirror": "HIT",
      "elapsed_ms": 118.1,
      "first_bytes": "<!DOCTYPE html>\n<html lang=\"vi\" prefix=\"og: https://ogp.me/ns#\">\n<head>\n<meta charset=\"UTF-8\">\n<meta name=\"viewport\" content=\"width=device-width, initial-scale=1\">\n\t<link rel=\"profile\" href=\"https://g",
      "has_horeca": true,
      "has_house_leak": false,
      "error": null
    },
    {
      "url": "https://saigonhoreca.local/tu-khoa-san-pham/may-lam-da-dim-30de-2/",
      "status": 200,
      "size": 354422,
      "content_type": "text/html; charset=UTF-8",
      "x_sgh_mirror": "HIT",
      "elapsed_ms": 109.2,
      "first_bytes": "<!DOCTYPE html>\n<html lang=\"vi\" prefix=\"og: https://ogp.me/ns#\">\n<head>\n<meta charset=\"UTF-8\">\n<meta name=\"viewport\" content=\"width=device-width, initial-scale=1\">\n\t<link rel=\"profile\" href=\"https://g",
      "has_horeca": true,
      "has_house_leak": false,
      "error": null
    },
    {
      "url": "https://saigonhoreca.local/tu-khoa-san-pham/may-lam-da-hinh-trai-tim-im-65ne-h/",
      "status": 200,
      "size": 355001,
      "content_type": "text/html; charset=UTF-8",
      "x_sgh_mirror": "HIT",
      "elapsed_ms": 91.9,
      "first_bytes": "<!DOCTYPE html>\n<html lang=\"vi\" prefix=\"og: https://ogp.me/ns#\">\n<head>\n<meta charset=\"UTF-8\">\n<meta name=\"viewport\" content=\"width=device-width, initial-scale=1\">\n\t<link rel=\"profile\" href=\"https://g",
      "has_horeca": true,
      "has_house_leak": false,
      "error": null
    },
    {
      "url": "https://saigonhoreca.local/tu-khoa-san-pham/may-lam-da-vay-fm-750ake-sb/",
      "status": 200,
      "size": 354623,
      "content_type": "text/html; charset=UTF-8",
      "x_sgh_mirror": "HIT",
      "elapsed_ms": 134.9,
      "first_bytes": "<!DOCTYPE html>\n<html lang=\"vi\" prefix=\"og: https://ogp.me/ns#\">\n<head>\n<meta charset=\"UTF-8\">\n<meta name=\"viewport\" content=\"width=device-width, initial-scale=1\">\n\t<link rel=\"profile\" href=\"https://g",
      "has_horeca": true,
      "has_house_leak": false,
      "error": null
    },
    {
      "url": "https://saigonhoreca.local/tu-khoa-san-pham/may-lam-da-vay-tu-dong-dcm-60ke/",
      "status": 200,
      "size": 354775,
      "content_type": "text/html; charset=UTF-8",
      "x_sgh_mirror": "HIT",
      "elapsed_ms": 103.4,
      "first_bytes": "<!DOCTYPE html>\n<html lang=\"vi\" prefix=\"og: https://ogp.me/ns#\">\n<head>\n<meta charset=\"UTF-8\">\n<meta name=\"viewport\" content=\"width=device-width, initial-scale=1\">\n\t<link rel=\"profile\" href=\"https://g",
      "has_horeca": true,
      "has_house_leak": false,
      "error": null
    },
    {
      "url": "https://saigonhoreca.local/tu-khoa-san-pham/may-lam-da-vien-im-220aa-21/",
      "status": 200,
      "size": 354263,
      "content_type": "text/html; charset=UTF-8",
      "x_sgh_mirror": "HIT",
      "elapsed_ms": 97.1,
      "first_bytes": "<!DOCTYPE html>\n<html lang=\"vi\" prefix=\"og: https://ogp.me/ns#\">\n<head>\n<meta charset=\"UTF-8\">\n<meta name=\"viewport\" content=\"width=device-width, initial-scale=1\">\n\t<link rel=\"profile\" href=\"https://g",
      "has_horeca": true,
      "has_house_leak": false,
      "error": null
    },
    {
      "url": "https://saigonhoreca.local/tu-khoa-san-pham/may-lam-da-vien-im-220aa/",
      "status": 200,
      "size": 354912,
      "content_type": "text/html; charset=UTF-8",
      "x_sgh_mirror": "HIT",
      "elapsed_ms": 72.9,
      "first_bytes": "<!DOCTYPE html>\n<html lang=\"vi\" prefix=\"og: https://ogp.me/ns#\">\n<head>\n<meta charset=\"UTF-8\">\n<meta name=\"viewport\" content=\"width=device-width, initial-scale=1\">\n\t<link rel=\"profile\" href=\"https://g",
      "has_horeca": true,
      "has_house_leak": false,
      "error": null
    },
    {
      "url": "https://saigonhoreca.local/tu-khoa-san-pham/may-lam-da-vien-im-240xne-21/",
      "status": 200,
      "size": 354297,
      "content_type": "text/html; charset=UTF-8",
      "x_sgh_mirror": "HIT",
      "elapsed_ms": 102.2,
      "first_bytes": "<!DOCTYPE html>\n<html lang=\"vi\" prefix=\"og: https://ogp.me/ns#\">\n<head>\n<meta charset=\"UTF-8\">\n<meta name=\"viewport\" content=\"width=device-width, initial-scale=1\">\n\t<link rel=\"profile\" href=\"https://g",
      "has_horeca": true,
      "has_house_leak": false,
      "error": null
    },
    {
      "url": "https://saigonhoreca.local/tu-khoa-san-pham/may-lam-da-vien-im-240xne-23/",
      "status": 200,
      "size": 354297,
      "content_type": "text/html; charset=UTF-8",
      "x_sgh_mirror": "HIT",
      "elapsed_ms": 89.8,
      "first_bytes": "<!DOCTYPE html>\n<html lang=\"vi\" prefix=\"og: https://ogp.me/ns#\">\n<head>\n<meta charset=\"UTF-8\">\n<meta name=\"viewport\" content=\"width=device-width, initial-scale=1\">\n\t<link rel=\"profile\" href=\"https://g",
      "has_horeca": true,
      "has_house_leak": false,
      "error": null
    },
    {
      "url": "https://saigonhoreca.local/tu-khoa-san-pham/may-lam-da-vien-im-30cne-25/",
      "status": 200,
      "size": 354263,
      "content_type": "text/html; charset=UTF-8",
      "x_sgh_mirror": "HIT",
      "elapsed_ms": 81.9,
      "first_bytes": "<!DOCTYPE html>\n<html lang=\"vi\" prefix=\"og: https://ogp.me/ns#\">\n<head>\n<meta charset=\"UTF-8\">\n<meta name=\"viewport\" content=\"width=device-width, initial-scale=1\">\n\t<link rel=\"profile\" href=\"https://g",
      "has_horeca": true,
      "has_house_leak": false,
      "error": null
    },
    {
      "url": "https://saigonhoreca.local/tu-khoa-san-pham/may-lam-da-vien-im-45cne-25/",
      "status": 200,
      "size": 354263,
      "content_type": "text/html; charset=UTF-8",
      "x_sgh_mirror": "HIT",
      "elapsed_ms": 92.0,
      "first_bytes": "<!DOCTYPE html>\n<html lang=\"vi\" prefix=\"og: https://ogp.me/ns#\">\n<head>\n<meta charset=\"UTF-8\">\n<meta name=\"viewport\" content=\"width=device-width, initial-scale=1\">\n\t<link rel=\"profile\" href=\"https://g",
      "has_horeca": true,
      "has_house_leak": false,
      "error": null
    },
    {
      "url": "https://saigonhoreca.local/tu-khoa-san-pham/may-lam-da-vien-im-65ne/",
      "status": 200,
      "size": 354127,
      "content_type": "text/html; charset=UTF-8",
      "x_sgh_mirror": "HIT",
      "elapsed_ms": 90.9,
      "first_bytes": "<!DOCTYPE html>\n<html lang=\"vi\" prefix=\"og: https://ogp.me/ns#\">\n<head>\n<meta charset=\"UTF-8\">\n<meta name=\"viewport\" content=\"width=device-width, initial-scale=1\">\n\t<link rel=\"profile\" href=\"https://g",
      "has_horeca": true,
      "has_house_leak": false,
      "error": null
    },
    {
      "url": "https://saigonhoreca.local/tu-khoa-san-pham/may-lam-da-vien-nho-srm-60a/",
      "status": 200,
      "size": 354553,
      "content_type": "text/html; charset=UTF-8",
      "x_sgh_mirror": "HIT",
      "elapsed_ms": 80.3,
      "first_bytes": "<!DOCTYPE html>\n<html lang=\"vi\" prefix=\"og: https://ogp.me/ns#\">\n<head>\n<meta charset=\"UTF-8\">\n<meta name=\"viewport\" content=\"width=device-width, initial-scale=1\">\n\t<link rel=\"profile\" href=\"https://g",
      "has_horeca": true,
      "has_house_leak": false,
      "error": null
    },
    {
      "url": "https://saigonhoreca.local/tu-khoa-san-pham/may-rua-chen-ux-100/",
      "status": 200,
      "size": 354329,
      "content_type": "text/html; charset=UTF-8",
      "x_sgh_mirror": "HIT",
      "elapsed_ms": 108.0,
      "first_bytes": "<!DOCTYPE html>\n<html lang=\"vi\" prefix=\"og: https://ogp.me/ns#\">\n<head>\n<meta charset=\"UTF-8\">\n<meta name=\"viewport\" content=\"width=device-width, initial-scale=1\">\n\t<link rel=\"profile\" href=\"https://g",
      "has_horeca": true,
      "has_house_leak": false,
      "error": null
    },
    {
      "url": "https://saigonhoreca.local/tu-khoa-san-pham/may-rua-ly-dang-ban-oby50t/",
      "status": 200,
      "size": 354457,
      "content_type": "text/html; charset=UTF-8",
      "x_sgh_mirror": "HIT",
      "elapsed_ms": 91.2,
      "first_bytes": "<!DOCTYPE html>\n<html lang=\"vi\" prefix=\"og: https://ogp.me/ns#\">\n<head>\n<meta charset=\"UTF-8\">\n<meta name=\"viewport\" content=\"width=device-width, initial-scale=1\">\n\t<link rel=\"profile\" href=\"https://g",
      "has_horeca": true,
      "has_house_leak": false,
      "error": null
    },
    {
      "url": "https://saigonhoreca.local/tu-khoa-san-pham/may-tron-bot-cm-50ed/",
      "status": 200,
      "size": 354098,
      "content_type": "text/html; charset=UTF-8",
      "x_sgh_mirror": "HIT",
      "elapsed_ms": 100.0,
      "first_bytes": "<!DOCTYPE html>\n<html lang=\"vi\" prefix=\"og: https://ogp.me/ns#\">\n<head>\n<meta charset=\"UTF-8\">\n<meta name=\"viewport\" content=\"width=device-width, initial-scale=1\">\n\t<link rel=\"profile\" href=\"https://g",
      "has_horeca": true,
      "has_house_leak": false,
      "error": null
    },
    {
      "url": "https://saigonhoreca.local/tu-khoa-san-pham/may-tron-bot-wsk-25/",
      "status": 200,
      "size": 353537,
      "content_type": "text/html; charset=UTF-8",
      "x_sgh_mirror": "HIT",
      "elapsed_ms": 105.1,
      "first_bytes": "<!DOCTYPE html>\n<html lang=\"vi\" prefix=\"og: https://ogp.me/ns#\">\n<head>\n<meta charset=\"UTF-8\">\n<meta name=\"viewport\" content=\"width=device-width, initial-scale=1\">\n\t<link rel=\"profile\" href=\"https://g",
      "has_horeca": true,
      "has_house_leak": false,
      "error": null
    },
    {
      "url": "https://saigonhoreca.local/tu-khoa-san-pham/may-xay-thit-ps-22/",
      "status": 200,
      "size": 354407,
      "content_type": "text/html; charset=UTF-8",
      "x_sgh_mirror": "HIT",
      "elapsed_ms": 97.4,
      "first_bytes": "<!DOCTYPE html>\n<html lang=\"vi\" prefix=\"og: https://ogp.me/ns#\">\n<head>\n<meta charset=\"UTF-8\">\n<meta name=\"viewport\" content=\"width=device-width, initial-scale=1\">\n\t<link rel=\"profile\" href=\"https://g",
      "has_horeca": true,
      "has_house_leak": false,
      "error": null
    },
    {
      "url": "https://saigonhoreca.local/tu-khoa-san-pham/nuong-than-nhan-tao-cb3b-17/",
      "status": 200,
      "size": 354955,
      "content_type": "text/html; charset=UTF-8",
      "x_sgh_mirror": "HIT",
      "elapsed_ms": 86.3,
      "first_bytes": "<!DOCTYPE html>\n<html lang=\"vi\" prefix=\"og: https://ogp.me/ns#\">\n<head>\n<meta charset=\"UTF-8\">\n<meta name=\"viewport\" content=\"width=device-width, initial-scale=1\">\n\t<link rel=\"profile\" href=\"https://g",
      "has_horeca": true,
      "has_house_leak": false,
      "error": null
    },
    {
      "url": "https://saigonhoreca.local/tu-khoa-san-pham/tu-dong-dung-4-cua-loai-d650-hf-146ma-s/",
      "status": 200,
      "size": 355003,
      "content_type": "text/html; charset=UTF-8",
      "x_sgh_mirror": "HIT",
      "elapsed_ms": 88.3,
      "first_bytes": "<!DOCTYPE html>\n<html lang=\"vi\" prefix=\"og: https://ogp.me/ns#\">\n<head>\n<meta charset=\"UTF-8\">\n<meta name=\"viewport\" content=\"width=device-width, initial-scale=1\">\n\t<link rel=\"profile\" href=\"https://g",
      "has_horeca": true,
      "has_house_leak": false,
      "error": null
    },
    {
      "url": "https://saigonhoreca.local/tu-khoa-san-pham/tu-giu-am-banh-fw-5g/",
      "status": 200,
      "size": 354580,
      "content_type": "text/html; charset=UTF-8",
      "x_sgh_mirror": "HIT",
      "elapsed_ms": 78.1,
      "first_bytes": "<!DOCTYPE html>\n<html lang=\"vi\" prefix=\"og: https://ogp.me/ns#\">\n<head>\n<meta charset=\"UTF-8\">\n<meta name=\"viewport\" content=\"width=device-width, initial-scale=1\">\n\t<link rel=\"profile\" href=\"https://g",
      "has_horeca": true,
      "has_house_leak": false,
      "error": null
    },
    {
      "url": "https://saigonhoreca.local/tu-khoa-san-pham/tu-giu-am-thuc-an-nfw40-2/",
      "status": 200,
      "size": 354642,
      "content_type": "text/html; charset=UTF-8",
      "x_sgh_mirror": "HIT",
      "elapsed_ms": 81.2,
      "first_bytes": "<!DOCTYPE html>\n<html lang=\"vi\" prefix=\"og: https://ogp.me/ns#\">\n<head>\n<meta charset=\"UTF-8\">\n<meta name=\"viewport\" content=\"width=device-width, initial-scale=1\">\n\t<link rel=\"profile\" href=\"https://g",
      "has_horeca": true,
      "has_house_leak": false,
      "error": null
    },
    {
      "url": "https://saigonhoreca.local/tu-khoa-san-pham/tu-giu-am-thuc-an-nfw45-2/",
      "status": 200,
      "size": 354642,
      "content_type": "text/html; charset=UTF-8",
      "x_sgh_mirror": "HIT",
      "elapsed_ms": 113.1,
      "first_bytes": "<!DOCTYPE html>\n<html lang=\"vi\" prefix=\"og: https://ogp.me/ns#\">\n<head>\n<meta charset=\"UTF-8\">\n<meta name=\"viewport\" content=\"width=device-width, initial-scale=1\">\n\t<link rel=\"profile\" href=\"https://g",
      "has_horeca": true,
      "has_house_leak": false,
      "error": null
    },
    {
      "url": "https://saigonhoreca.local/tu-khoa-san-pham/tu-giu-am-thuc-an-nfw50-2/",
      "status": 200,
      "size": 354642,
      "content_type": "text/html; charset=UTF-8",
      "x_sgh_mirror": "HIT",
      "elapsed_ms": 79.4,
      "first_bytes": "<!DOCTYPE html>\n<html lang=\"vi\" prefix=\"og: https://ogp.me/ns#\">\n<head>\n<meta charset=\"UTF-8\">\n<meta name=\"viewport\" content=\"width=device-width, initial-scale=1\">\n\t<link rel=\"profile\" href=\"https://g",
      "has_horeca": true,
      "has_house_leak": false,
      "error": null
    },
    {
      "url": "https://saigonhoreca.local/tu-khoa-san-pham/tu-giu-am-thuc-an-nfw55-2/",
      "status": 200,
      "size": 354642,
      "content_type": "text/html; charset=UTF-8",
      "x_sgh_mirror": "HIT",
      "elapsed_ms": 103.0,
      "first_bytes": "<!DOCTYPE html>\n<html lang=\"vi\" prefix=\"og: https://ogp.me/ns#\">\n<head>\n<meta charset=\"UTF-8\">\n<meta name=\"viewport\" content=\"width=device-width, initial-scale=1\">\n\t<link rel=\"profile\" href=\"https://g",
      "has_horeca": true,
      "has_house_leak": false,
      "error": null
    },
    {
      "url": "https://saigonhoreca.local/tu-khoa-san-pham/voi-phun-trang-98007-1/",
      "status": 200,
      "size": 354119,
      "content_type": "text/html; charset=UTF-8",
      "x_sgh_mirror": "HIT",
      "elapsed_ms": 117.3,
      "first_bytes": "<!DOCTYPE html>\n<html lang=\"vi\" prefix=\"og: https://ogp.me/ns#\">\n<head>\n<meta charset=\"UTF-8\">\n<meta name=\"viewport\" content=\"width=device-width, initial-scale=1\">\n\t<link rel=\"profile\" href=\"https://g",
      "has_horeca": true,
      "has_house_leak": false,
      "error": null
    },
    {
      "url": "https://saigonhoreca.local/tu-khoa-san-pham/voi-phun-trang-98007-2/",
      "status": 200,
      "size": 354119,
      "content_type": "text/html; charset=UTF-8",
      "x_sgh_mirror": "HIT",
      "elapsed_ms": 102.8,
      "first_bytes": "<!DOCTYPE html>\n<html lang=\"vi\" prefix=\"og: https://ogp.me/ns#\">\n<head>\n<meta charset=\"UTF-8\">\n<meta name=\"viewport\" content=\"width=device-width, initial-scale=1\">\n\t<link rel=\"profile\" href=\"https://g",
      "has_horeca": true,
      "has_house_leak": false,
      "error": null
    },
    {
      "url": "https://saigonhoreca.local/tu-lanh-cong-nghiep-4-canh-luu-tru-thuc-pham/",
      "status": 200,
      "size": 397093,
      "content_type": "text/html; charset=UTF-8",
      "x_sgh_mirror": "HIT",
      "elapsed_ms": 93.8,
      "first_bytes": "<!DOCTYPE html>\n<html lang=\"vi\" prefix=\"og: https://ogp.me/ns#\">\n<head>\n<meta charset=\"UTF-8\">\n<meta name=\"viewport\" content=\"width=device-width, initial-scale=1\">\n\t<link rel=\"profile\" href=\"https://g",
      "has_horeca": true,
      "has_house_leak": false,
      "error": null
    },
    {
      "url": "https://saigonhoreca.local/tu-van-lua-chon-model-josper-phu-hop-cho-nha-hang/",
      "status": 200,
      "size": 327352,
      "content_type": "text/html; charset=UTF-8",
      "x_sgh_mirror": "HIT",
      "elapsed_ms": 104.0,
      "first_bytes": "<!DOCTYPE html>\n<html lang=\"vi\" prefix=\"og: https://ogp.me/ns#\">\n<head>\n<meta charset=\"UTF-8\">\n<meta name=\"viewport\" content=\"width=device-width, initial-scale=1\">\n\t<link rel=\"profile\" href=\"https://g",
      "has_horeca": true,
      "has_house_leak": false,
      "error": null
    },
    {
      "url": "https://saigonhoreca.local/tu-van-thiet-ke-bep-canteen-cang-tin-dat-chuan/",
      "status": 200,
      "size": 377761,
      "content_type": "text/html; charset=UTF-8",
      "x_sgh_mirror": "HIT",
      "elapsed_ms": 115.7,
      "first_bytes": "<!DOCTYPE html>\n<html lang=\"vi\" prefix=\"og: https://ogp.me/ns#\">\n<head>\n<meta charset=\"UTF-8\">\n<meta name=\"viewport\" content=\"width=device-width, initial-scale=1\">\n\t<link rel=\"profile\" href=\"https://g",
      "has_horeca": true,
      "has_house_leak": false,
      "error": null
    },
    {
      "url": "https://saigonhoreca.local/tu-van-thiet-ke-bep-cong-nghiep-tich-hop-lo-josper/",
      "status": 200,
      "size": 339130,
      "content_type": "text/html; charset=UTF-8",
      "x_sgh_mirror": "HIT",
      "elapsed_ms": 120.3,
      "first_bytes": "<!DOCTYPE html>\n<html lang=\"vi\" prefix=\"og: https://ogp.me/ns#\">\n<head>\n<meta charset=\"UTF-8\">\n<meta name=\"viewport\" content=\"width=device-width, initial-scale=1\">\n\t<link rel=\"profile\" href=\"https://g",
      "has_horeca": true,
      "has_house_leak": false,
      "error": null
    },
    {
      "url": "https://saigonhoreca.local/tu-van-thiet-ke-bep-nha-hang-bep-cong-nghiep/",
      "status": 200,
      "size": 472348,
      "content_type": "text/html; charset=UTF-8",
      "x_sgh_mirror": "HIT",
      "elapsed_ms": 104.9,
      "first_bytes": "<!DOCTYPE html>\n<html lang=\"vi\" prefix=\"og: https://ogp.me/ns#\">\n<head>\n<meta charset=\"UTF-8\">\n<meta name=\"viewport\" content=\"width=device-width, initial-scale=1\">\n\t<link rel=\"profile\" href=\"https://g",
      "has_horeca": true,
      "has_house_leak": false,
      "error": null
    },
    {
      "url": "https://saigonhoreca.local/ve-saigon-horeca/",
      "status": 200,
      "size": 323390,
      "content_type": "text/html; charset=UTF-8",
      "x_sgh_mirror": "HIT",
      "elapsed_ms": 108.6,
      "first_bytes": "<!DOCTYPE html>\n<html lang=\"vi\" prefix=\"og: https://ogp.me/ns#\">\n<head>\n<meta charset=\"UTF-8\">\n<meta name=\"viewport\" content=\"width=device-width, initial-scale=1\">\n\t<link rel=\"profile\" href=\"https://g",
      "has_horeca": true,
      "has_house_leak": false,
      "error": null
    },
    {
      "url": "https://saigonhoreca.local/ve-sinh-va-bao-duong-quay-bar-nhung-meo-can-biet/",
      "status": 200,
      "size": 333307,
      "content_type": "text/html; charset=UTF-8",
      "x_sgh_mirror": "HIT",
      "elapsed_ms": 126.5,
      "first_bytes": "<!DOCTYPE html>\n<html lang=\"vi\" prefix=\"og: https://ogp.me/ns#\">\n<head>\n<meta charset=\"UTF-8\">\n<meta name=\"viewport\" content=\"width=device-width, initial-scale=1\">\n\t<link rel=\"profile\" href=\"https://g",
      "has_horeca": true,
      "has_house_leak": false,
      "error": null
    },
    {
      "url": "https://saigonhoreca.local/xu-huong-thiet-ke-bep-nha-hang-kieu-nhat-2025/",
      "status": 200,
      "size": 321570,
      "content_type": "text/html; charset=UTF-8",
      "x_sgh_mirror": "HIT",
      "elapsed_ms": 89.9,
      "first_bytes": "<!DOCTYPE html>\n<html lang=\"vi\" prefix=\"og: https://ogp.me/ns#\">\n<head>\n<meta charset=\"UTF-8\">\n<meta name=\"viewport\" content=\"width=device-width, initial-scale=1\">\n\t<link rel=\"profile\" href=\"https://g",
      "has_horeca": true,
      "has_house_leak": false,
      "error": null
    }
  ]
}